#
# There is insufficient memory for the Java Runtime Environment to continue.
# Native memory allocation (mmap) failed to map 37224448 bytes for committing reserved memory.
# Possible reasons:
#   The system is out of physical RAM or swap space
#   In 32 bit mode, the process size limit was hit
# Possible solutions:
#   Reduce memory load on the system
#   Increase physical memory or swap space
#   Check if swap backing store is full
#   Use 64 bit Java on a 64 bit OS
#   Decrease Java heap size (-Xmx/-Xms)
#   Decrease number of Java threads
#   Decrease Java thread stack sizes (-Xss)
#   Set larger code cache with -XX:ReservedCodeCacheSize=
# This output file may be truncated or incomplete.
#
#  Out of Memory Error (os_linux.cpp:2627), pid=4701, tid=140530647254784
#
# JRE version: Java(TM) SE Runtime Environment (8.0_77-b03) (build 1.8.0_77-b03)
# Java VM: Java HotSpot(TM) 64-Bit Server VM (25.77-b03 mixed mode linux-amd64 compressed oops)
# Failed to write core dump. Core dumps have been disabled. To enable core dumping, try "ulimit -c unlimited" before starting Java again
#

---------------  T H R E A D  ---------------

Current thread (0x00007fcff80a6800):  VMThread [stack: 0x00007fcfd73f4000,0x00007fcfd74f5000] [id=4716]

Stack: [0x00007fcfd73f4000,0x00007fcfd74f5000],  sp=0x00007fcfd74f3060,  free space=1020k
Native frames: (J=compiled Java code, j=interpreted, Vv=VM code, C=native code)
V  [libjvm.so+0xaba7ea]  VMError::report_and_die()+0x2ba
V  [libjvm.so+0x4f9e3b]  report_vm_out_of_memory(char const*, int, unsigned long, VMErrorType, char const*)+0x8b
V  [libjvm.so+0x91b613]  os::Linux::commit_memory_impl(char*, unsigned long, bool)+0x103
V  [libjvm.so+0x91bb69]  os::pd_commit_memory(char*, unsigned long, unsigned long, bool)+0x29
V  [libjvm.so+0x915e6a]  os::commit_memory(char*, unsigned long, unsigned long, bool)+0x2a
V  [libjvm.so+0x989543]  PSVirtualSpace::expand_by(unsigned long)+0x53
V  [libjvm.so+0x98a948]  PSYoungGen::resize_generation(unsigned long, unsigned long)+0xf8
V  [libjvm.so+0x989aa2]  PSYoungGen::resize(unsigned long, unsigned long)+0x22
V  [libjvm.so+0x986d7b]  PSScavenge::invoke_no_policy()+0xf3b
V  [libjvm.so+0x987501]  PSScavenge::invoke()+0x41
V  [libjvm.so+0x93f300]  ParallelScavengeHeap::failed_mem_allocate(unsigned long)+0x70
V  [libjvm.so+0xabc207]  VM_ParallelGCFailedAllocation::doit()+0x97
V  [libjvm.so+0xac3c35]  VM_Operation::evaluate()+0x55
V  [libjvm.so+0xac200a]  VMThread::evaluate_operation(VM_Operation*)+0xba
V  [libjvm.so+0xac238e]  VMThread::loop()+0x1ce
V  [libjvm.so+0xac2800]  VMThread::run()+0x70
V  [libjvm.so+0x91d9d8]  java_start(Thread*)+0x108

VM_Operation (0x00007fcee7cef9f0): ParallelGCFailedAllocation, mode: safepoint, requested by thread 0x00007fcf74009800


---------------  P R O C E S S  ---------------

Java Threads: ( => current thread )
  0x00007fceec132800 JavaThread "MySQL Statement Cancellation Timer" daemon [_thread_blocked, id=4774, stack(0x00007fcee78fb000,0x00007fcee79fc000)]
  0x00007fcf74009800 JavaThread "[apdev-american-ws].american-httpListenerConfig.worker.01" daemon [_thread_blocked, id=4773, stack(0x00007fcee7bfc000,0x00007fcee7cfd000)]
  0x00007fcff8022800 JavaThread "DestroyJavaVM" [_thread_blocked, id=4707, stack(0x00007fcffea28000,0x00007fcffeb29000)]
  0x00007fcff9a27000 JavaThread "Mule.app.deployer.monitor.1.thread.1" [_thread_blocked, id=4772, stack(0x00007fcee7cfd000,0x00007fcee7dfe000)]
  0x00007fcff93c0000 JavaThread "[apdev-american-ws].processing.time.monitor" daemon [_thread_blocked, id=4771, stack(0x00007fcee7dfe000,0x00007fcee7eff000)]
  0x00007fcff93bd000 JavaThread "[apdev-american-ws].post:/flights:american-config.stage1.01" [_thread_blocked, id=4770, stack(0x00007fcee7eff000,0x00007fcee8000000)]
  0x00007fcff93bb800 JavaThread "[apdev-american-ws].get:/flights/{ID}:american-config.stage1.01" [_thread_blocked, id=4769, stack(0x00007fcfc4016000,0x00007fcfc4117000)]
  0x00007fcff98c5000 JavaThread "[apdev-american-ws].get:/flights:american-config.stage1.01" [_thread_blocked, id=4768, stack(0x00007fcfc4117000,0x00007fcfc4218000)]
  0x00007fcff98c7800 JavaThread "[apdev-american-ws].american-console.stage1.01" [_thread_blocked, id=4767, stack(0x00007fcfc4218000,0x00007fcfc4319000)]
  0x00007fcff98c1800 JavaThread "[apdev-american-ws].american-main.stage1.01" [_thread_blocked, id=4766, stack(0x00007fcfc4319000,0x00007fcfc441a000)]
  0x00007fcff98c0800 JavaThread "[apdev-american-ws].postFlights.stage1.01" [_thread_blocked, id=4765, stack(0x00007fcfc441a000,0x00007fcfc451b000)]
  0x00007fcff95ea000 JavaThread "[apdev-american-ws].getFlightsByID.stage1.01" [_thread_blocked, id=4764, stack(0x00007fcfc451b000,0x00007fcfc461c000)]
  0x00007fcff95e8800 JavaThread "[apdev-american-ws].getFlights.stage1.01" [_thread_blocked, id=4763, stack(0x00007fcfc461c000,0x00007fcfc471d000)]
  0x00007fcffa6ac800 JavaThread "pool-10-thread-3" daemon [_thread_blocked, id=4762, stack(0x00007fcfc4b43000,0x00007fcfc4c44000)]
  0x00007fcffa6ab000 JavaThread "pool-10-thread-2" daemon [_thread_blocked, id=4761, stack(0x00007fcfc4c44000,0x00007fcfc4d45000)]
  0x00007fcffa6a9800 JavaThread "pool-10-thread-1" daemon [_thread_blocked, id=4760, stack(0x00007fcfc4d45000,0x00007fcfc4e46000)]
  0x00007fcffa55f800 JavaThread "[apdev-american-ws].http.listener.HttpIdleConnectionCloser.01" [_thread_blocked, id=4759, stack(0x00007fcfc5246000,0x00007fcfc5347000)]
  0x00007fcffa4e6800 JavaThread "[apdev-american-ws].http.listener.worker(16)" daemon [_thread_blocked, id=4758, stack(0x00007fcfc5347000,0x00007fcfc5448000)]
  0x00007fcffa4e4800 JavaThread "[apdev-american-ws].http.listener.worker(15)" daemon [_thread_blocked, id=4757, stack(0x00007fcfc5448000,0x00007fcfc5549000)]
  0x00007fcffa4e3000 JavaThread "[apdev-american-ws].http.listener.worker(14)" daemon [_thread_blocked, id=4756, stack(0x00007fcfc5549000,0x00007fcfc564a000)]
  0x00007fcffa4e1000 JavaThread "[apdev-american-ws].http.listener.worker(13)" daemon [_thread_blocked, id=4755, stack(0x00007fcfc564a000,0x00007fcfc574b000)]
  0x00007fcffa4df000 JavaThread "[apdev-american-ws].http.listener.worker(12)" daemon [_thread_blocked, id=4754, stack(0x00007fcfc574b000,0x00007fcfc584c000)]
  0x00007fcffa4dd000 JavaThread "[apdev-american-ws].http.listener.worker(11)" daemon [_thread_blocked, id=4753, stack(0x00007fcfc584c000,0x00007fcfc594d000)]
  0x00007fcffa4db000 JavaThread "[apdev-american-ws].http.listener.worker(10)" daemon [_thread_blocked, id=4752, stack(0x00007fcfc594d000,0x00007fcfc5a4e000)]
  0x00007fcffa4d9000 JavaThread "[apdev-american-ws].http.listener.worker(9)" daemon [_thread_blocked, id=4751, stack(0x00007fcfc5a4e000,0x00007fcfc5b4f000)]
  0x00007fcffa4d7000 JavaThread "[apdev-american-ws].http.listener.worker(8)" daemon [_thread_blocked, id=4750, stack(0x00007fcfc5b4f000,0x00007fcfc5c50000)]
  0x00007fcffa4d5000 JavaThread "[apdev-american-ws].http.listener.worker(7)" daemon [_thread_blocked, id=4749, stack(0x00007fcfc5c50000,0x00007fcfc5d51000)]
  0x00007fcffa4d3800 JavaThread "[apdev-american-ws].http.listener.worker(6)" daemon [_thread_blocked, id=4748, stack(0x00007fcfc5d51000,0x00007fcfc5e52000)]
  0x00007fcffa4d1800 JavaThread "[apdev-american-ws].http.listener.worker(5)" daemon [_thread_blocked, id=4747, stack(0x00007fcfc5e52000,0x00007fcfc5f53000)]
  0x00007fcffa4cf800 JavaThread "[apdev-american-ws].http.listener.worker(4)" daemon [_thread_blocked, id=4746, stack(0x00007fcfc5f53000,0x00007fcfc6054000)]
  0x00007fcffa4ce000 JavaThread "[apdev-american-ws].http.listener.worker(3)" daemon [_thread_blocked, id=4745, stack(0x00007fcfc6054000,0x00007fcfc6155000)]
  0x00007fcffa4cc800 JavaThread "[apdev-american-ws].http.listener.worker(2)" daemon [_thread_blocked, id=4744, stack(0x00007fcfc6155000,0x00007fcfc6256000)]
  0x00007fcffa4ca800 JavaThread "[apdev-american-ws].http.listener.worker(1)" daemon [_thread_blocked, id=4743, stack(0x00007fcfc6256000,0x00007fcfc6357000)]
  0x00007fcffa4c9000 JavaThread "[apdev-american-ws].http.listener(9) SelectorRunner" daemon [_thread_blocked, id=4742, stack(0x00007fcfc6357000,0x00007fcfc6458000)]
  0x00007fcffa4c7000 JavaThread "[apdev-american-ws].http.listener(8) SelectorRunner" daemon [_thread_blocked, id=4741, stack(0x00007fcfc6458000,0x00007fcfc6559000)]
  0x00007fcffa4c5800 JavaThread "[apdev-american-ws].http.listener(7) SelectorRunner" daemon [_thread_blocked, id=4740, stack(0x00007fcfc6559000,0x00007fcfc665a000)]
  0x00007fcffa4c4000 JavaThread "[apdev-american-ws].http.listener(6) SelectorRunner" daemon [_thread_blocked, id=4739, stack(0x00007fcfc665a000,0x00007fcfc675b000)]
  0x00007fcffa4c2000 JavaThread "[apdev-american-ws].http.listener(5) SelectorRunner" daemon [_thread_blocked, id=4738, stack(0x00007fcfc675b000,0x00007fcfc685c000)]
  0x00007fcffa4bf000 JavaThread "[apdev-american-ws].http.listener(4) SelectorRunner" daemon [_thread_blocked, id=4737, stack(0x00007fcfc685c000,0x00007fcfc695d000)]
  0x00007fcffa4bd000 JavaThread "[apdev-american-ws].http.listener(3) SelectorRunner" daemon [_thread_blocked, id=4736, stack(0x00007fcfc695d000,0x00007fcfc6a5e000)]
  0x00007fcffa4bb800 JavaThread "[apdev-american-ws].http.listener(2) SelectorRunner" daemon [_thread_blocked, id=4735, stack(0x00007fcfc6a5e000,0x00007fcfc6b5f000)]
  0x00007fcffa4b9000 JavaThread "[apdev-american-ws].http.listener(1) SelectorRunner" daemon [_thread_blocked, id=4734, stack(0x00007fcfc6b5f000,0x00007fcfc6c60000)]
  0x00007fcff9d30800 JavaThread "[apdev-american-ws].Mule.01" [_thread_blocked, id=4733, stack(0x00007fcfc7df3000,0x00007fcfc7ef4000)]
  0x00007fcff9cca800 JavaThread "Log4j2-AsyncLoggerConfig-3" daemon [_thread_blocked, id=4732, stack(0x00007fcfc7ef4000,0x00007fcfc7ff5000)]
  0x00007fcff9b3e800 JavaThread "Log4j2-AsyncLoggerConfig-2" daemon [_thread_blocked, id=4731, stack(0x00007fcfd418d000,0x00007fcfd428e000)]
  0x00007fcff9b5d000 JavaThread "Thread-2" [_thread_blocked, id=4730, stack(0x00007fcfd428e000,0x00007fcfd438f000)]
  0x00007fcff9afb000 JavaThread "MapDB writer #2" daemon [_thread_blocked, id=4729, stack(0x00007fcfd45b8000,0x00007fcfd46b9000)]
  0x00007fcff9ae2000 JavaThread "MapDB writer #1" daemon [_thread_blocked, id=4728, stack(0x00007fcfd48b9000,0x00007fcfd49ba000)]
  0x00007fcff9897800 JavaThread "Log4j2-AsyncLoggerConfig-1" daemon [_thread_blocked, id=4726, stack(0x00007fcfd4fd5000,0x00007fcfd50d6000)]
  0x00007fcff8104800 JavaThread "Service Thread" daemon [_thread_blocked, id=4724, stack(0x00007fcfd641c000,0x00007fcfd651d000)]
  0x00007fcff80ef000 JavaThread "C1 CompilerThread3" daemon [_thread_blocked, id=4723, stack(0x00007fcfd651d000,0x00007fcfd661e000)]
  0x00007fcff80ed000 JavaThread "C2 CompilerThread2" daemon [_thread_blocked, id=4722, stack(0x00007fcfd661e000,0x00007fcfd671f000)]
  0x00007fcff80eb000 JavaThread "C2 CompilerThread1" daemon [_thread_blocked, id=4721, stack(0x00007fcfd671f000,0x00007fcfd6820000)]
  0x00007fcff80e8800 JavaThread "C2 CompilerThread0" daemon [_thread_blocked, id=4720, stack(0x00007fcfd6820000,0x00007fcfd6921000)]
  0x00007fcff80e7000 JavaThread "Signal Dispatcher" daemon [_thread_blocked, id=4719, stack(0x00007fcfd6921000,0x00007fcfd6a22000)]
  0x00007fcff80b3000 JavaThread "Finalizer" daemon [_thread_blocked, id=4718, stack(0x00007fcfd71f2000,0x00007fcfd72f3000)]
  0x00007fcff80ae800 JavaThread "Reference Handler" daemon [_thread_blocked, id=4717, stack(0x00007fcfd72f3000,0x00007fcfd73f4000)]

Other Threads:
=>0x00007fcff80a6800 VMThread [stack: 0x00007fcfd73f4000,0x00007fcfd74f5000] [id=4716]
  0x00007fcff8107000 WatcherThread [stack: 0x00007fcfd631b000,0x00007fcfd641c000] [id=4725]

VM state:at safepoint (normal execution)

VM Mutex/Monitor currently owned by a thread:  ([mutex/lock_event])
[0x00007fcff801e940] Threads_lock - owner thread: 0x00007fcff80a6800
[0x00007fcff801ee40] Heap_lock - owner thread: 0x00007fcf74009800

Heap:
 PSYoungGen      total 273408K, used 10666K [0x00000000ebc00000, 0x00000000fdc80000, 0x0000000100000000)
  eden space 254976K, 0% used [0x00000000ebc00000,0x00000000ebc00000,0x00000000fb500000)
  from space 18432K, 57% used [0x00000000fb880000,0x00000000fc2eab88,0x00000000fca80000)
  to   space 8704K, 0% used [0x00000000fd400000,0x00000000fd400000,0x00000000fdc80000)
 ParOldGen       total 86016K, used 40967K [0x00000000c3400000, 0x00000000c8800000, 0x00000000ebc00000)
  object space 86016K, 47% used [0x00000000c3400000,0x00000000c5c01d50,0x00000000c8800000)
 Metaspace       used 51648K, capacity 52029K, committed 52608K, reserved 1095680K
  class space    used 7074K, capacity 7193K, committed 7296K, reserved 1048576K

Card table byte_map: [0x00007fcfe8427000,0x00007fcfe860e000] byte_map_base: 0x00007fcfe7e0d000

Marking Bits: (ParMarkBitMap*) 0x00007fcffdefa100
 Begin Bits: [0x00007fcfe5dbf000, 0x00007fcfe6cef000)
 End Bits:   [0x00007fcfe6cef000, 0x00007fcfe7c1f000)

Polling page: 0x00007fcffeb41000

CodeCache: size=245760Kb used=12165Kb max_used=12165Kb free=233594Kb
 bounds [0x00007fcfe89ce000, 0x00007fcfe960e000, 0x00007fcff79ce000]
 total_blobs=3916 nmethods=3390 adapters=439
 compilation: enabled

Compilation events (10 events):
Event: 59.930 Thread 0x00007fcff80ef000 nmethod 4036 0x00007fcfe950f390 code [0x00007fcfe950f500, 0x00007fcfe950f738]
Event: 59.930 Thread 0x00007fcff80ef000 4034       3       sun.misc.FDBigInteger::size (10 bytes)
Event: 59.937 Thread 0x00007fcff80ef000 nmethod 4034 0x00007fcfe92a4a10 code [0x00007fcfe92a4b60, 0x00007fcfe92a4cb0]
Event: 59.937 Thread 0x00007fcff80ef000 4033       3       java.util.concurrent.ConcurrentHashMap::sumCount (48 bytes)
Event: 60.271 Thread 0x00007fcff80ef000 nmethod 4033 0x00007fcfe950ee50 code [0x00007fcfe950efc0, 0x00007fcfe950f270]
Event: 60.271 Thread 0x00007fcff80ef000 4037       3       java.util.concurrent.LinkedBlockingDeque::poll (7 bytes)
Event: 60.282 Thread 0x00007fcff80ef000 nmethod 4037 0x00007fcfe950ea90 code [0x00007fcfe950ec00, 0x00007fcfe950eda8]
Event: 60.521 Thread 0x00007fcff80ef000 4039       3       java.util.concurrent.locks.AbstractQueuedSynchronizer::hasQueuedPredecessors (40 bytes)
Event: 61.097 Thread 0x00007fcff80ef000 nmethod 4039 0x00007fcfe950e610 code [0x00007fcfe950e780, 0x00007fcfe950e9d0]
Event: 64.197 Thread 0x00007fcff80ed000 4040       4       org.mapdb.LongConcurrentHashMap$HashIterator::advance (141 bytes)

GC Heap History (10 events):
Event: 7.538 GC heap after
Heap after GC invocations=12 (full 1):
 PSYoungGen      total 201728K, used 5946K [0x00000000ebc00000, 0x00000000fb400000, 0x0000000100000000)
  eden space 180224K, 0% used [0x00000000ebc00000,0x00000000ebc00000,0x00000000f6c00000)
  from space 21504K, 27% used [0x00000000f6c00000,0x00000000f71ce848,0x00000000f8100000)
  to   space 20992K, 0% used [0x00000000f9f80000,0x00000000f9f80000,0x00000000fb400000)
 ParOldGen       total 66560K, used 36797K [0x00000000c3400000, 0x00000000c7500000, 0x00000000ebc00000)
  object space 66560K, 55% used [0x00000000c3400000,0x00000000c57ef5a8,0x00000000c7500000)
 Metaspace       used 28979K, capacity 29275K, committed 29696K, reserved 1075200K
  class space    used 3928K, capacity 4032K, committed 4096K, reserved 1048576K
}
Event: 8.514 GC heap before
{Heap before GC invocations=13 (full 1):
 PSYoungGen      total 201728K, used 186170K [0x00000000ebc00000, 0x00000000fb400000, 0x0000000100000000)
  eden space 180224K, 100% used [0x00000000ebc00000,0x00000000f6c00000,0x00000000f6c00000)
  from space 21504K, 27% used [0x00000000f6c00000,0x00000000f71ce848,0x00000000f8100000)
  to   space 20992K, 0% used [0x00000000f9f80000,0x00000000f9f80000,0x00000000fb400000)
 ParOldGen       total 66560K, used 36797K [0x00000000c3400000, 0x00000000c7500000, 0x00000000ebc00000)
  object space 66560K, 55% used [0x00000000c3400000,0x00000000c57ef5a8,0x00000000c7500000)
 Metaspace       used 31864K, capacity 32127K, committed 32640K, reserved 1077248K
  class space    used 4331K, capacity 4422K, committed 4480K, reserved 1048576K
Event: 8.533 GC heap after
Heap after GC invocations=13 (full 1):
 PSYoungGen      total 233984K, used 5142K [0x00000000ebc00000, 0x00000000fc480000, 0x0000000100000000)
  eden space 212992K, 0% used [0x00000000ebc00000,0x00000000ebc00000,0x00000000f8c00000)
  from space 20992K, 24% used [0x00000000f9f80000,0x00000000fa485a40,0x00000000fb400000)
  to   space 19968K, 0% used [0x00000000f8c00000,0x00000000f8c00000,0x00000000f9f80000)
 ParOldGen       total 66560K, used 39811K [0x00000000c3400000, 0x00000000c7500000, 0x00000000ebc00000)
  object space 66560K, 59% used [0x00000000c3400000,0x00000000c5ae0f08,0x00000000c7500000)
 Metaspace       used 31864K, capacity 32127K, committed 32640K, reserved 1077248K
  class space    used 4331K, capacity 4422K, committed 4480K, reserved 1048576K
}
Event: 9.214 GC heap before
{Heap before GC invocations=14 (full 1):
 PSYoungGen      total 233984K, used 108158K [0x00000000ebc00000, 0x00000000fc480000, 0x0000000100000000)
  eden space 212992K, 48% used [0x00000000ebc00000,0x00000000f209a150,0x00000000f8c00000)
  from space 20992K, 24% used [0x00000000f9f80000,0x00000000fa485a40,0x00000000fb400000)
  to   space 19968K, 0% used [0x00000000f8c00000,0x00000000f8c00000,0x00000000f9f80000)
 ParOldGen       total 66560K, used 39811K [0x00000000c3400000, 0x00000000c7500000, 0x00000000ebc00000)
  object space 66560K, 59% used [0x00000000c3400000,0x00000000c5ae0f08,0x00000000c7500000)
 Metaspace       used 34889K, capacity 35127K, committed 35416K, reserved 1079296K
  class space    used 4751K, capacity 4842K, committed 4864K, reserved 1048576K
Event: 9.223 GC heap after
Heap after GC invocations=14 (full 1):
 PSYoungGen      total 232960K, used 6620K [0x00000000ebc00000, 0x00000000fe700000, 0x0000000100000000)
  eden space 212992K, 0% used [0x00000000ebc00000,0x00000000ebc00000,0x00000000f8c00000)
  from space 19968K, 33% used [0x00000000f8c00000,0x00000000f92772b8,0x00000000f9f80000)
  to   space 19456K, 0% used [0x00000000fd400000,0x00000000fd400000,0x00000000fe700000)
 ParOldGen       total 66560K, used 39819K [0x00000000c3400000, 0x00000000c7500000, 0x00000000ebc00000)
  object space 66560K, 59% used [0x00000000c3400000,0x00000000c5ae2f08,0x00000000c7500000)
 Metaspace       used 34889K, capacity 35127K, committed 35416K, reserved 1079296K
  class space    used 4751K, capacity 4842K, committed 4864K, reserved 1048576K
}
Event: 9.223 GC heap before
{Heap before GC invocations=15 (full 2):
 PSYoungGen      total 232960K, used 6620K [0x00000000ebc00000, 0x00000000fe700000, 0x0000000100000000)
  eden space 212992K, 0% used [0x00000000ebc00000,0x00000000ebc00000,0x00000000f8c00000)
  from space 19968K, 33% used [0x00000000f8c00000,0x00000000f92772b8,0x00000000f9f80000)
  to   space 19456K, 0% used [0x00000000fd400000,0x00000000fd400000,0x00000000fe700000)
 ParOldGen       total 66560K, used 39819K [0x00000000c3400000, 0x00000000c7500000, 0x00000000ebc00000)
  object space 66560K, 59% used [0x00000000c3400000,0x00000000c5ae2f08,0x00000000c7500000)
 Metaspace       used 34889K, capacity 35127K, committed 35416K, reserved 1079296K
  class space    used 4751K, capacity 4842K, committed 4864K, reserved 1048576K
Event: 9.498 GC heap after
Heap after GC invocations=15 (full 2):
 PSYoungGen      total 232960K, used 0K [0x00000000ebc00000, 0x00000000fe700000, 0x0000000100000000)
  eden space 212992K, 0% used [0x00000000ebc00000,0x00000000ebc00000,0x00000000f8c00000)
  from space 19968K, 0% used [0x00000000f8c00000,0x00000000f8c00000,0x00000000f9f80000)
  to   space 19456K, 0% used [0x00000000fd400000,0x00000000fd400000,0x00000000fe700000)
 ParOldGen       total 86016K, used 40951K [0x00000000c3400000, 0x00000000c8800000, 0x00000000ebc00000)
  object space 86016K, 47% used [0x00000000c3400000,0x00000000c5bfdd50,0x00000000c8800000)
 Metaspace       used 34889K, capacity 35127K, committed 35416K, reserved 1079296K
  class space    used 4751K, capacity 4842K, committed 4864K, reserved 1048576K
}
Event: 18.167 GC heap before
{Heap before GC invocations=16 (full 2):
 PSYoungGen      total 232960K, used 212992K [0x00000000ebc00000, 0x00000000fe700000, 0x0000000100000000)
  eden space 212992K, 100% used [0x00000000ebc00000,0x00000000f8c00000,0x00000000f8c00000)
  from space 19968K, 0% used [0x00000000f8c00000,0x00000000f8c00000,0x00000000f9f80000)
  to   space 19456K, 0% used [0x00000000fd400000,0x00000000fd400000,0x00000000fe700000)
 ParOldGen       total 86016K, used 40951K [0x00000000c3400000, 0x00000000c8800000, 0x00000000ebc00000)
  object space 86016K, 47% used [0x00000000c3400000,0x00000000c5bfdd50,0x00000000c8800000)
 Metaspace       used 42275K, capacity 42579K, committed 43008K, reserved 1087488K
  class space    used 5696K, capacity 5812K, committed 5888K, reserved 1048576K
