2016-07-12 19:14:00,648 [main] INFO  org.mule.module.launcher.application.DefaultMuleApplication - 
++++++++++++++++++++++++++++++++++++++++++++++++++++++++++++
+ Initializing app 'apdev-american'                        +
++++++++++++++++++++++++++++++++++++++++++++++++++++++++++++
2016-07-12 19:14:00,752 [main] INFO  org.mule.lifecycle.AbstractLifecycleManager - Initialising RegistryBroker
2016-07-12 19:14:00,920 [main] INFO  org.mule.module.extension.internal.manager.DefaultExtensionManager - Starting discovery of extensions
2016-07-12 19:14:01,053 [main] INFO  org.mule.module.extension.internal.manager.DefaultExtensionManager - Discovered 1 extensions
2016-07-12 19:14:01,053 [main] INFO  org.mule.module.extension.internal.manager.DefaultExtensionManager - Registering extension validation (version 3.8)
2016-07-12 19:14:01,111 [main] INFO  org.mule.config.spring.MuleArtifactContext - Refreshing org.mule.config.spring.MuleArtifactContext@25ddbbbb: startup date [Tue Jul 12 19:14:01 JST 2016]; root of context hierarchy
2016-07-12 19:14:03,018 [main] INFO  org.mule.config.spring.processors.NoDevkitInjectorProcessor - JSR-330 'javax.inject.Inject' annotation found and supported for autowiring
2016-07-12 19:14:04,223 [main] WARN  org.mule.module.ognl.expression.OgnlExpressionEvaluator - OGNL module is deprecated and will be removed in Mule 4.0. Use MEL expressions instead.
2016-07-12 19:14:04,785 [main] INFO  org.mule.lifecycle.AbstractLifecycleManager - Initialising model: _muleSystemModel
2016-07-12 19:14:04,793 [main] INFO  org.mule.construct.FlowConstructLifecycleManager - Initialising flow: apdev-americanFlow
2016-07-12 19:14:04,793 [main] INFO  org.mule.exception.DefaultMessagingExceptionStrategy - Initialising exception listener: org.mule.exception.DefaultMessagingExceptionStrategy@575b5f7d
2016-07-12 19:14:04,844 [main] INFO  org.mule.processor.SedaStageLifecycleManager - Initialising service: apdev-americanFlow.stage1
2016-07-12 19:14:04,880 [main] INFO  org.mule.util.journal.TransactionJournal - Using files for tx logs /home/dev/mule/workspace/.mule/./.mule/apdev-american/queue-tx-log/tx1.log and /home/dev/mule/workspace/.mule/./.mule/apdev-american/queue-tx-log/tx2.log
2016-07-12 19:14:04,889 [main] INFO  org.mule.util.journal.TransactionJournal - Using files for tx logs /home/dev/mule/workspace/.mule/./.mule/apdev-american/queue-xa-tx-log/tx1.log and /home/dev/mule/workspace/.mule/./.mule/apdev-american/queue-xa-tx-log/tx2.log
2016-07-12 19:14:05,198 [main] INFO  org.mule.config.spring.SpringXmlConfigurationBuilder - Configured Mule using "org.mule.config.spring.SpringXmlConfigurationBuilder" with configuration resource(s): "[ConfigResource{resourceName='/home/dev/mule/workspace/.mule/apps/apdev-american/apdev-american.xml'}]"
2016-07-12 19:14:05,199 [main] INFO  org.mule.config.builders.AutoConfigurationBuilder - Configured Mule using "org.mule.config.builders.AutoConfigurationBuilder" with configuration resource(s): "[ConfigResource{resourceName='/home/dev/mule/workspace/.mule/apps/apdev-american/apdev-american.xml'}]"
2016-07-12 19:14:08,228 [main] INFO  org.mule.module.launcher.application.DefaultMuleApplication - 
++++++++++++++++++++++++++++++++++++++++++++++++++++++++++++
+ Starting app 'apdev-american'                            +
++++++++++++++++++++++++++++++++++++++++++++++++++++++++++++
2016-07-12 19:14:08,231 [main] INFO  org.mule.util.queue.QueueXaResourceManager - Starting ResourceManager
2016-07-12 19:14:08,231 [main] INFO  org.mule.util.queue.QueueXaResourceManager - Started ResourceManager
2016-07-12 19:14:08,280 [main] INFO  org.mule.module.http.internal.listener.DefaultHttpListenerConfig - Listening for requests on http://0.0.0.0:8081
2016-07-12 19:14:08,287 [main] INFO  org.mule.modules.oauth2.provider.agents.DefaultSplashScreenAgent - 
++++++++++++++++++++++++++++++++++++++++++++++++++++++++++++++++++++++++++++++++
+ DevKit Extensions (0) used in this application 
                             +
++++++++++++++++++++++++++++++++++++++++++++++++++++++++++++++++++++++++++++++++
2016-07-12 19:14:08,289 [main] INFO  org.mule.lifecycle.AbstractLifecycleManager - Starting model: _muleSystemModel
2016-07-12 19:14:08,292 [main] INFO  org.mule.construct.FlowConstructLifecycleManager - Starting flow: apdev-americanFlow
2016-07-12 19:14:08,293 [main] INFO  org.mule.processor.SedaStageLifecycleManager - Starting service: apdev-americanFlow.stage1
2016-07-12 19:14:08,354 [main] INFO  org.mule.module.management.agent.WrapperManagerAgent - This JVM hasn't been launched by the wrapper, the agent will not run.
2016-07-12 19:14:08,377 [main] INFO  org.mule.DefaultMuleContext - 
**********************************************************************
* Application: apdev-american                                        *
* OS encoding: /, Mule encoding: UTF-8                               *
*                                                                    *
* Agents Running:                                                    *
*   JMX Agent                                                        *
*   Batch module default engine                                      *
*   DevKit Extension Information                                     *
*   Wrapper Manager                                                  *
**********************************************************************
2016-07-12 19:14:30,629 [[apdev-american].HTTP_Listener_Configuration.worker.01] INFO  org.mule.module.http.internal.listener.HttpListenerRegistry - No listener found for request: (GET)/favicon.ico
2016-07-12 19:14:30,629 [[apdev-american].HTTP_Listener_Configuration.worker.01] INFO  org.mule.module.http.internal.listener.HttpListenerRegistry - Available listeners are: [([get])/flights/]
2016-07-12 19:14:34,665 [[apdev-american].HTTP_Listener_Configuration.worker.01] INFO  org.mule.module.http.internal.listener.HttpListenerRegistry - No listener found for request: (GET)/
2016-07-12 19:14:34,665 [[apdev-american].HTTP_Listener_Configuration.worker.01] INFO  org.mule.module.http.internal.listener.HttpListenerRegistry - Available listeners are: [([get])/flights/]
2016-07-12 21:33:53,568 [main] INFO  org.mule.module.launcher.application.DefaultMuleApplication - 
++++++++++++++++++++++++++++++++++++++++++++++++++++++++++++
+ Initializing app 'apdev-american'                        +
++++++++++++++++++++++++++++++++++++++++++++++++++++++++++++
2016-07-12 21:33:53,731 [main] INFO  org.mule.lifecycle.AbstractLifecycleManager - Initialising RegistryBroker
2016-07-12 21:33:53,921 [main] INFO  org.mule.module.extension.internal.manager.DefaultExtensionManager - Starting discovery of extensions
2016-07-12 21:33:54,087 [main] INFO  org.mule.module.extension.internal.manager.DefaultExtensionManager - Discovered 1 extensions
2016-07-12 21:33:54,087 [main] INFO  org.mule.module.extension.internal.manager.DefaultExtensionManager - Registering extension validation (version 3.8)
2016-07-12 21:33:54,170 [main] INFO  org.mule.config.spring.MuleArtifactContext - Refreshing org.mule.config.spring.MuleArtifactContext@7fcbe147: startup date [Tue Jul 12 21:33:54 JST 2016]; root of context hierarchy
2016-07-12 21:33:59,530 [main] INFO  org.mule.config.spring.processors.NoDevkitInjectorProcessor - JSR-330 'javax.inject.Inject' annotation found and supported for autowiring
2016-07-18 16:31:48,194 [main] INFO  org.mule.module.launcher.application.DefaultMuleApplication - 
++++++++++++++++++++++++++++++++++++++++++++++++++++++++++++
+ Initializing app 'apdev-american'                        +
++++++++++++++++++++++++++++++++++++++++++++++++++++++++++++
2016-07-18 16:31:48,312 [main] INFO  org.mule.lifecycle.AbstractLifecycleManager - Initialising RegistryBroker
2016-07-18 16:31:48,477 [main] INFO  org.mule.module.extension.internal.manager.DefaultExtensionManager - Starting discovery of extensions
2016-07-18 16:31:48,631 [main] INFO  org.mule.module.extension.internal.manager.DefaultExtensionManager - Discovered 1 extensions
2016-07-18 16:31:48,631 [main] INFO  org.mule.module.extension.internal.manager.DefaultExtensionManager - Registering extension validation (version 3.8)
2016-07-18 16:31:48,696 [main] INFO  org.mule.config.spring.MuleArtifactContext - Refreshing org.mule.config.spring.MuleArtifactContext@743cb8e0: startup date [Mon Jul 18 16:31:48 JST 2016]; root of context hierarchy
2016-07-18 16:31:50,687 [main] INFO  org.mule.config.spring.processors.NoDevkitInjectorProcessor - JSR-330 'javax.inject.Inject' annotation found and supported for autowiring
2016-07-18 16:31:51,255 [main] WARN  org.mule.expression.DefaultExpressionManager - Expression string is not an expression.  Use isExpression(String) to validate first
2016-07-18 16:31:52,065 [main] WARN  org.mule.module.ognl.expression.OgnlExpressionEvaluator - OGNL module is deprecated and will be removed in Mule 4.0. Use MEL expressions instead.
2016-07-18 16:31:52,568 [main] INFO  org.mule.lifecycle.AbstractLifecycleManager - Initialising model: _muleSystemModel
2016-07-18 16:31:52,575 [main] INFO  org.mule.construct.FlowConstructLifecycleManager - Initialising flow: apdev-americanFlow
2016-07-18 16:31:52,575 [main] INFO  org.mule.exception.DefaultMessagingExceptionStrategy - Initialising exception listener: org.mule.exception.DefaultMessagingExceptionStrategy@7bf01cb
2016-07-18 16:31:52,609 [main] INFO  org.mule.processor.SedaStageLifecycleManager - Initialising service: apdev-americanFlow.stage1
2016-07-18 16:31:52,636 [main] INFO  org.mule.util.journal.TransactionJournal - Using files for tx logs /home/dev/mule/workspace/.mule/./.mule/apdev-american/queue-tx-log/tx1.log and /home/dev/mule/workspace/.mule/./.mule/apdev-american/queue-tx-log/tx2.log
2016-07-18 16:31:52,646 [main] INFO  org.mule.util.journal.TransactionJournal - Using files for tx logs /home/dev/mule/workspace/.mule/./.mule/apdev-american/queue-xa-tx-log/tx1.log and /home/dev/mule/workspace/.mule/./.mule/apdev-american/queue-xa-tx-log/tx2.log
2016-07-18 16:31:52,993 [main] INFO  org.mule.config.spring.SpringXmlConfigurationBuilder - Configured Mule using "org.mule.config.spring.SpringXmlConfigurationBuilder" with configuration resource(s): "[ConfigResource{resourceName='/home/dev/mule/workspace/.mule/apps/apdev-american/apdev-american.xml'}]"
2016-07-18 16:31:52,993 [main] INFO  org.mule.config.builders.AutoConfigurationBuilder - Configured Mule using "org.mule.config.builders.AutoConfigurationBuilder" with configuration resource(s): "[ConfigResource{resourceName='/home/dev/mule/workspace/.mule/apps/apdev-american/apdev-american.xml'}]"
2016-07-18 16:31:56,028 [main] INFO  org.mule.module.launcher.application.DefaultMuleApplication - 
++++++++++++++++++++++++++++++++++++++++++++++++++++++++++++
+ Starting app 'apdev-american'                            +
++++++++++++++++++++++++++++++++++++++++++++++++++++++++++++
2016-07-18 16:31:56,033 [main] INFO  org.mule.util.queue.QueueXaResourceManager - Starting ResourceManager
2016-07-18 16:31:56,033 [main] INFO  org.mule.util.queue.QueueXaResourceManager - Started ResourceManager
2016-07-18 16:31:56,099 [main] INFO  org.mule.module.http.internal.listener.DefaultHttpListenerConfig - Listening for requests on http://0.0.0.0:8081/
2016-07-18 16:31:56,104 [main] INFO  org.mule.modules.oauth2.provider.agents.DefaultSplashScreenAgent - 
++++++++++++++++++++++++++++++++++++++++++++++++++++++++++++++++++++++++++++++++
+ DevKit Extensions (0) used in this application 
                             +
++++++++++++++++++++++++++++++++++++++++++++++++++++++++++++++++++++++++++++++++
2016-07-18 16:31:56,105 [main] INFO  org.mule.lifecycle.AbstractLifecycleManager - Starting model: _muleSystemModel
2016-07-18 16:31:56,107 [main] INFO  org.mule.construct.FlowConstructLifecycleManager - Starting flow: apdev-americanFlow
2016-07-18 16:31:56,108 [main] INFO  org.mule.processor.SedaStageLifecycleManager - Starting service: apdev-americanFlow.stage1
2016-07-18 16:31:56,152 [main] INFO  org.mule.module.management.agent.WrapperManagerAgent - This JVM hasn't been launched by the wrapper, the agent will not run.
2016-07-18 16:31:56,169 [main] INFO  org.mule.DefaultMuleContext - 
**********************************************************************
* Application: apdev-american                                        *
* OS encoding: /, Mule encoding: UTF-8                               *
*                                                                    *
* Agents Running:                                                    *
*   JMX Agent                                                        *
*   Batch module default engine                                      *
*   DevKit Extension Information                                     *
*   Wrapper Manager                                                  *
**********************************************************************
2016-07-18 16:32:07,365 [[apdev-american].HTTP_Listener_Configuration.worker.01] INFO  org.mule.module.http.internal.listener.HttpListenerRegistry - No listener found for request: (GET)/flights
2016-07-18 16:32:07,365 [[apdev-american].HTTP_Listener_Configuration.worker.01] INFO  org.mule.module.http.internal.listener.HttpListenerRegistry - Available listeners are: [([get])//flights/]
2016-07-18 16:32:07,407 [[apdev-american].HTTP_Listener_Configuration.worker.01] INFO  org.mule.module.http.internal.listener.HttpListenerRegistry - No listener found for request: (GET)/favicon.ico
2016-07-18 16:32:07,407 [[apdev-american].HTTP_Listener_Configuration.worker.01] INFO  org.mule.module.http.internal.listener.HttpListenerRegistry - Available listeners are: [([get])//flights/]
2016-07-18 16:32:53,014 [[apdev-american].HTTP_Listener_Configuration.worker.01] INFO  org.mule.module.http.internal.listener.HttpListenerRegistry - No listener found for request: (GET)/flights
2016-07-18 16:32:53,014 [[apdev-american].HTTP_Listener_Configuration.worker.01] INFO  org.mule.module.http.internal.listener.HttpListenerRegistry - Available listeners are: [([get])//flights/]
2016-07-18 16:32:53,039 [[apdev-american].HTTP_Listener_Configuration.worker.01] INFO  org.mule.module.http.internal.listener.HttpListenerRegistry - No listener found for request: (GET)/favicon.ico
2016-07-18 16:32:53,039 [[apdev-american].HTTP_Listener_Configuration.worker.01] INFO  org.mule.module.http.internal.listener.HttpListenerRegistry - Available listeners are: [([get])//flights/]
2016-07-18 16:33:24,011 [[apdev-american].HTTP_Listener_Configuration.worker.03] INFO  org.mule.module.http.internal.listener.HttpListenerRegistry - No listener found for request: (GET)/flights
2016-07-18 16:33:24,012 [[apdev-american].HTTP_Listener_Configuration.worker.03] INFO  org.mule.module.http.internal.listener.HttpListenerRegistry - Available listeners are: [([get])//flights/]
2016-07-18 16:34:01,882 [[apdev-american].HTTP_Listener_Configuration.worker.03] INFO  org.mule.module.http.internal.listener.HttpListenerRegistry - No listener found for request: (GET)/
2016-07-18 16:34:01,882 [[apdev-american].HTTP_Listener_Configuration.worker.03] INFO  org.mule.module.http.internal.listener.HttpListenerRegistry - Available listeners are: [([get])//flights/]
2016-07-18 16:36:18,628 [main] INFO  org.mule.module.launcher.application.DefaultMuleApplication - 
++++++++++++++++++++++++++++++++++++++++++++++++++++++++++++
+ Initializing app 'apdev-american'                        +
++++++++++++++++++++++++++++++++++++++++++++++++++++++++++++
2016-07-18 16:36:18,730 [main] INFO  org.mule.lifecycle.AbstractLifecycleManager - Initialising RegistryBroker
2016-07-18 16:36:18,889 [main] INFO  org.mule.module.extension.internal.manager.DefaultExtensionManager - Starting discovery of extensions
2016-07-18 16:36:19,021 [main] INFO  org.mule.module.extension.internal.manager.DefaultExtensionManager - Discovered 1 extensions
2016-07-18 16:36:19,021 [main] INFO  org.mule.module.extension.internal.manager.DefaultExtensionManager - Registering extension validation (version 3.8)
2016-07-18 16:36:19,080 [main] INFO  org.mule.config.spring.MuleArtifactContext - Refreshing org.mule.config.spring.MuleArtifactContext@7fcbe147: startup date [Mon Jul 18 16:36:19 JST 2016]; root of context hierarchy
2016-07-18 16:36:21,123 [main] INFO  org.mule.config.spring.processors.NoDevkitInjectorProcessor - JSR-330 'javax.inject.Inject' annotation found and supported for autowiring
2016-07-18 16:36:21,774 [main] WARN  org.mule.expression.DefaultExpressionManager - Expression string is not an expression.  Use isExpression(String) to validate first
2016-07-18 16:36:22,601 [main] WARN  org.mule.module.ognl.expression.OgnlExpressionEvaluator - OGNL module is deprecated and will be removed in Mule 4.0. Use MEL expressions instead.
2016-07-18 16:36:23,103 [main] INFO  org.mule.lifecycle.AbstractLifecycleManager - Initialising model: _muleSystemModel
2016-07-18 16:36:23,108 [main] INFO  org.mule.construct.FlowConstructLifecycleManager - Initialising flow: apdev-americanFlow
2016-07-18 16:36:23,108 [main] INFO  org.mule.exception.DefaultMessagingExceptionStrategy - Initialising exception listener: org.mule.exception.DefaultMessagingExceptionStrategy@1015a4b9
2016-07-18 16:36:23,141 [main] INFO  org.mule.processor.SedaStageLifecycleManager - Initialising service: apdev-americanFlow.stage1
2016-07-18 16:36:23,169 [main] INFO  org.mule.util.journal.TransactionJournal - Using files for tx logs /home/dev/mule/workspace/.mule/./.mule/apdev-american/queue-tx-log/tx1.log and /home/dev/mule/workspace/.mule/./.mule/apdev-american/queue-tx-log/tx2.log
2016-07-18 16:36:23,179 [main] INFO  org.mule.util.journal.TransactionJournal - Using files for tx logs /home/dev/mule/workspace/.mule/./.mule/apdev-american/queue-xa-tx-log/tx1.log and /home/dev/mule/workspace/.mule/./.mule/apdev-american/queue-xa-tx-log/tx2.log
2016-07-18 16:36:23,506 [main] INFO  org.mule.config.spring.SpringXmlConfigurationBuilder - Configured Mule using "org.mule.config.spring.SpringXmlConfigurationBuilder" with configuration resource(s): "[ConfigResource{resourceName='/home/dev/mule/workspace/.mule/apps/apdev-american/apdev-american.xml'}]"
2016-07-18 16:36:23,506 [main] INFO  org.mule.config.builders.AutoConfigurationBuilder - Configured Mule using "org.mule.config.builders.AutoConfigurationBuilder" with configuration resource(s): "[ConfigResource{resourceName='/home/dev/mule/workspace/.mule/apps/apdev-american/apdev-american.xml'}]"
2016-07-18 16:36:26,539 [main] INFO  org.mule.module.launcher.application.DefaultMuleApplication - 
++++++++++++++++++++++++++++++++++++++++++++++++++++++++++++
+ Starting app 'apdev-american'                            +
++++++++++++++++++++++++++++++++++++++++++++++++++++++++++++
2016-07-18 16:36:26,541 [main] INFO  org.mule.util.queue.QueueXaResourceManager - Starting ResourceManager
2016-07-18 16:36:26,542 [main] INFO  org.mule.util.queue.QueueXaResourceManager - Started ResourceManager
2016-07-18 16:36:26,589 [main] INFO  org.mule.module.http.internal.listener.DefaultHttpListenerConfig - Listening for requests on http://0.0.0.0:8081/
2016-07-18 16:36:26,596 [main] INFO  org.mule.modules.oauth2.provider.agents.DefaultSplashScreenAgent - 
++++++++++++++++++++++++++++++++++++++++++++++++++++++++++++++++++++++++++++++++
+ DevKit Extensions (0) used in this application 
                             +
++++++++++++++++++++++++++++++++++++++++++++++++++++++++++++++++++++++++++++++++
2016-07-18 16:36:26,597 [main] INFO  org.mule.lifecycle.AbstractLifecycleManager - Starting model: _muleSystemModel
2016-07-18 16:36:26,600 [main] INFO  org.mule.construct.FlowConstructLifecycleManager - Starting flow: apdev-americanFlow
2016-07-18 16:36:26,601 [main] INFO  org.mule.processor.SedaStageLifecycleManager - Starting service: apdev-americanFlow.stage1
2016-07-18 16:36:26,639 [main] INFO  org.mule.module.management.agent.WrapperManagerAgent - This JVM hasn't been launched by the wrapper, the agent will not run.
2016-07-18 16:36:26,657 [main] INFO  org.mule.DefaultMuleContext - 
**********************************************************************
* Application: apdev-american                                        *
* OS encoding: /, Mule encoding: UTF-8                               *
*                                                                    *
* Agents Running:                                                    *
*   JMX Agent                                                        *
*   Batch module default engine                                      *
*   DevKit Extension Information                                     *
*   Wrapper Manager                                                  *
**********************************************************************
2016-07-18 16:37:11,613 [[apdev-american].HTTP_Listener_Configuration.worker.01] INFO  org.mule.module.http.internal.listener.HttpListenerRegistry - No listener found for request: (GET)/flights
2016-07-18 16:37:11,613 [[apdev-american].HTTP_Listener_Configuration.worker.01] INFO  org.mule.module.http.internal.listener.HttpListenerRegistry - Available listeners are: [([get])//flights/]
2016-07-18 16:37:34,330 [[apdev-american].HTTP_Listener_Configuration.worker.02] INFO  org.mule.module.http.internal.listener.HttpListenerRegistry - No listener found for request: (GET)/flights/
2016-07-18 16:37:34,330 [[apdev-american].HTTP_Listener_Configuration.worker.02] INFO  org.mule.module.http.internal.listener.HttpListenerRegistry - Available listeners are: [([get])//flights/]
2016-07-18 16:41:12,686 [main] INFO  org.mule.module.launcher.application.DefaultMuleApplication - 
++++++++++++++++++++++++++++++++++++++++++++++++++++++++++++
+ Initializing app 'apdev-american'                        +
++++++++++++++++++++++++++++++++++++++++++++++++++++++++++++
2016-07-18 16:41:12,817 [main] INFO  org.mule.lifecycle.AbstractLifecycleManager - Initialising RegistryBroker
2016-07-18 16:41:13,001 [main] INFO  org.mule.module.extension.internal.manager.DefaultExtensionManager - Starting discovery of extensions
2016-07-18 16:41:13,151 [main] INFO  org.mule.module.extension.internal.manager.DefaultExtensionManager - Discovered 1 extensions
2016-07-18 16:41:13,151 [main] INFO  org.mule.module.extension.internal.manager.DefaultExtensionManager - Registering extension validation (version 3.8)
2016-07-18 16:41:13,227 [main] INFO  org.mule.config.spring.MuleArtifactContext - Refreshing org.mule.config.spring.MuleArtifactContext@7fcbe147: startup date [Mon Jul 18 16:41:13 JST 2016]; root of context hierarchy
2016-07-18 16:41:15,184 [main] INFO  org.mule.config.spring.processors.NoDevkitInjectorProcessor - JSR-330 'javax.inject.Inject' annotation found and supported for autowiring
2016-07-18 16:41:15,894 [main] WARN  org.mule.expression.DefaultExpressionManager - Expression string is not an expression.  Use isExpression(String) to validate first
2016-07-18 16:41:16,748 [main] WARN  org.mule.module.ognl.expression.OgnlExpressionEvaluator - OGNL module is deprecated and will be removed in Mule 4.0. Use MEL expressions instead.
2016-07-18 16:41:17,274 [main] INFO  org.mule.lifecycle.AbstractLifecycleManager - Initialising model: _muleSystemModel
2016-07-18 16:41:17,281 [main] INFO  org.mule.construct.FlowConstructLifecycleManager - Initialising flow: apdev-americanFlow
2016-07-18 16:41:17,281 [main] INFO  org.mule.exception.DefaultMessagingExceptionStrategy - Initialising exception listener: org.mule.exception.DefaultMessagingExceptionStrategy@1015a4b9
2016-07-18 16:41:17,332 [main] INFO  org.mule.processor.SedaStageLifecycleManager - Initialising service: apdev-americanFlow.stage1
2016-07-18 16:41:17,373 [main] INFO  org.mule.util.journal.TransactionJournal - Using files for tx logs /home/dev/mule/workspace/.mule/./.mule/apdev-american/queue-tx-log/tx1.log and /home/dev/mule/workspace/.mule/./.mule/apdev-american/queue-tx-log/tx2.log
2016-07-18 16:41:17,388 [main] INFO  org.mule.util.journal.TransactionJournal - Using files for tx logs /home/dev/mule/workspace/.mule/./.mule/apdev-american/queue-xa-tx-log/tx1.log and /home/dev/mule/workspace/.mule/./.mule/apdev-american/queue-xa-tx-log/tx2.log
2016-07-18 16:41:17,767 [main] INFO  org.mule.config.spring.SpringXmlConfigurationBuilder - Configured Mule using "org.mule.config.spring.SpringXmlConfigurationBuilder" with configuration resource(s): "[ConfigResource{resourceName='/home/dev/mule/workspace/.mule/apps/apdev-american/apdev-american.xml'}]"
2016-07-18 16:41:17,767 [main] INFO  org.mule.config.builders.AutoConfigurationBuilder - Configured Mule using "org.mule.config.builders.AutoConfigurationBuilder" with configuration resource(s): "[ConfigResource{resourceName='/home/dev/mule/workspace/.mule/apps/apdev-american/apdev-american.xml'}]"
2016-07-18 16:41:20,801 [main] INFO  org.mule.module.launcher.application.DefaultMuleApplication - 
++++++++++++++++++++++++++++++++++++++++++++++++++++++++++++
+ Starting app 'apdev-american'                            +
++++++++++++++++++++++++++++++++++++++++++++++++++++++++++++
2016-07-18 16:41:20,804 [main] INFO  org.mule.util.queue.QueueXaResourceManager - Starting ResourceManager
2016-07-18 16:41:20,804 [main] INFO  org.mule.util.queue.QueueXaResourceManager - Started ResourceManager
2016-07-18 16:41:20,864 [main] INFO  org.mule.module.http.internal.listener.DefaultHttpListenerConfig - Listening for requests on http://0.0.0.0:8081
2016-07-18 16:41:20,871 [main] INFO  org.mule.modules.oauth2.provider.agents.DefaultSplashScreenAgent - 
++++++++++++++++++++++++++++++++++++++++++++++++++++++++++++++++++++++++++++++++
+ DevKit Extensions (0) used in this application 
                             +
++++++++++++++++++++++++++++++++++++++++++++++++++++++++++++++++++++++++++++++++
2016-07-18 16:41:20,872 [main] INFO  org.mule.lifecycle.AbstractLifecycleManager - Starting model: _muleSystemModel
2016-07-18 16:41:20,875 [main] INFO  org.mule.construct.FlowConstructLifecycleManager - Starting flow: apdev-americanFlow
2016-07-18 16:41:20,875 [main] INFO  org.mule.processor.SedaStageLifecycleManager - Starting service: apdev-americanFlow.stage1
2016-07-18 16:41:20,923 [main] INFO  org.mule.module.management.agent.WrapperManagerAgent - This JVM hasn't been launched by the wrapper, the agent will not run.
2016-07-18 16:41:20,946 [main] INFO  org.mule.DefaultMuleContext - 
**********************************************************************
* Application: apdev-american                                        *
* OS encoding: /, Mule encoding: UTF-8                               *
*                                                                    *
* Agents Running:                                                    *
*   JMX Agent                                                        *
*   Batch module default engine                                      *
*   DevKit Extension Information                                     *
*   Wrapper Manager                                                  *
**********************************************************************
2016-07-18 16:45:01,101 [Mule.app.deployer.monitor.1.thread.1] INFO  org.mule.module.launcher.application.DefaultMuleApplication - 
++++++++++++++++++++++++++++++++++++++++++++++++++++++++++++
+ Stopping app 'apdev-american'                            +
++++++++++++++++++++++++++++++++++++++++++++++++++++++++++++
2016-07-18 16:45:01,103 [Mule.app.deployer.monitor.1.thread.1] INFO  org.mule.construct.FlowConstructLifecycleManager - Stopping flow: apdev-americanFlow
2016-07-18 16:45:01,104 [Mule.app.deployer.monitor.1.thread.1] INFO  org.mule.processor.SedaStageLifecycleManager - Stopping service: apdev-americanFlow.stage1
2016-07-18 16:45:01,252 [Mule.app.deployer.monitor.1.thread.1] INFO  org.mule.lifecycle.AbstractLifecycleManager - Stopping model: _muleSystemModel
2016-07-18 16:45:01,263 [Mule.app.deployer.monitor.1.thread.1] INFO  org.mule.module.http.internal.listener.DefaultHttpListenerConfig - Stopped listener on http://0.0.0.0:8081
2016-07-18 16:45:01,265 [Mule.app.deployer.monitor.1.thread.1] INFO  org.mule.util.queue.QueueXaResourceManager - Stopping ResourceManager
2016-07-18 16:45:01,265 [Mule.app.deployer.monitor.1.thread.1] INFO  org.mule.util.queue.QueueXaResourceManager - Stopped ResourceManager
2016-07-18 16:45:01,272 [Mule.app.deployer.monitor.1.thread.1] INFO  org.mule.module.launcher.application.DefaultMuleApplication - 
++++++++++++++++++++++++++++++++++++++++++++++++++++++++++++
+ Disposing app 'apdev-american'                           +
++++++++++++++++++++++++++++++++++++++++++++++++++++++++++++
2016-07-18 16:45:01,273 [Mule.app.deployer.monitor.1.thread.1] INFO  org.mule.lifecycle.AbstractLifecycleManager - Disposing RegistryBroker
2016-07-18 16:45:01,274 [Mule.app.deployer.monitor.1.thread.1] INFO  org.mule.construct.FlowConstructLifecycleManager - Disposing flow: apdev-americanFlow
2016-07-18 16:45:01,274 [Mule.app.deployer.monitor.1.thread.1] INFO  org.mule.processor.SedaStageLifecycleManager - Disposing service: apdev-americanFlow.stage1
2016-07-18 16:45:01,281 [Mule.app.deployer.monitor.1.thread.1] INFO  org.mule.lifecycle.AbstractLifecycleManager - Disposing model: _muleSystemModel
2016-07-18 16:45:01,416 [Mule.app.deployer.monitor.1.thread.1] INFO  org.mule.config.spring.MuleArtifactContext - Closing org.mule.config.spring.MuleArtifactContext@7fcbe147: startup date [Mon Jul 18 16:41:13 JST 2016]; root of context hierarchy
2016-07-18 16:45:01,447 [Mule.app.deployer.monitor.1.thread.1] INFO  org.mule.DefaultMuleContext - 
**********************************************************************
* Application "apdev-american" shut down normally on: 7/18/16 4:45   *
* PM                                                                 *
* Up for: 0 days, 0 hours, 3 mins, 40.642 sec                        *
**********************************************************************
2016-07-18 16:45:01,573 [Mule.app.deployer.monitor.1.thread.1] INFO  org.mule.module.launcher.application.DefaultMuleApplication - 
++++++++++++++++++++++++++++++++++++++++++++++++++++++++++++
+ Initializing app 'apdev-american'                        +
++++++++++++++++++++++++++++++++++++++++++++++++++++++++++++
2016-07-18 16:45:01,577 [Mule.app.deployer.monitor.1.thread.1] WARN  com.mulesoft.module.client.APIPlatformClientCoreExtension - Client ID or Client Secret were not provided. API Manager client is DISABLED for app apdev-american
2016-07-18 16:45:01,580 [Mule.app.deployer.monitor.1.thread.1] INFO  org.mule.lifecycle.AbstractLifecycleManager - Initialising RegistryBroker
2016-07-18 16:45:01,586 [Mule.app.deployer.monitor.1.thread.1] INFO  org.mule.module.extension.internal.manager.DefaultExtensionManager - Starting discovery of extensions
2016-07-18 16:45:01,609 [Mule.app.deployer.monitor.1.thread.1] INFO  org.mule.module.extension.internal.manager.DefaultExtensionManager - Discovered 1 extensions
2016-07-18 16:45:01,610 [Mule.app.deployer.monitor.1.thread.1] INFO  org.mule.module.extension.internal.manager.DefaultExtensionManager - Registering extension validation (version 3.8)
2016-07-18 16:45:01,614 [Mule.app.deployer.monitor.1.thread.1] INFO  org.mule.config.spring.MuleArtifactContext - Refreshing org.mule.config.spring.MuleArtifactContext@114308f1: startup date [Mon Jul 18 16:45:01 JST 2016]; root of context hierarchy
2016-07-18 16:45:02,253 [Mule.app.deployer.monitor.1.thread.1] INFO  org.mule.config.spring.processors.NoDevkitInjectorProcessor - JSR-330 'javax.inject.Inject' annotation found and supported for autowiring
2016-07-18 16:45:02,564 [Mule.app.deployer.monitor.1.thread.1] WARN  org.mule.expression.DefaultExpressionManager - Expression string is not an expression.  Use isExpression(String) to validate first
2016-07-18 16:45:02,945 [Mule.app.deployer.monitor.1.thread.1] INFO  org.mule.lifecycle.AbstractLifecycleManager - Initialising model: _muleSystemModel
2016-07-18 16:45:02,948 [Mule.app.deployer.monitor.1.thread.1] INFO  org.mule.construct.FlowConstructLifecycleManager - Initialising flow: apdev-americanFlow
2016-07-18 16:45:02,950 [Mule.app.deployer.monitor.1.thread.1] INFO  org.mule.exception.DefaultMessagingExceptionStrategy - Initialising exception listener: org.mule.exception.DefaultMessagingExceptionStrategy@32efe92d
2016-07-18 16:45:02,960 [Mule.app.deployer.monitor.1.thread.1] INFO  org.mule.processor.SedaStageLifecycleManager - Initialising service: apdev-americanFlow.stage1
2016-07-18 16:45:02,968 [Mule.app.deployer.monitor.1.thread.1] INFO  org.mule.util.journal.TransactionJournal - Using files for tx logs /home/dev/mule/workspace/.mule/./.mule/apdev-american/queue-tx-log/tx1.log and /home/dev/mule/workspace/.mule/./.mule/apdev-american/queue-tx-log/tx2.log
2016-07-18 16:45:02,970 [Mule.app.deployer.monitor.1.thread.1] INFO  org.mule.util.journal.TransactionJournal - Using files for tx logs /home/dev/mule/workspace/.mule/./.mule/apdev-american/queue-xa-tx-log/tx1.log and /home/dev/mule/workspace/.mule/./.mule/apdev-american/queue-xa-tx-log/tx2.log
2016-07-18 16:45:03,034 [Mule.app.deployer.monitor.1.thread.1] INFO  org.mule.config.spring.SpringXmlConfigurationBuilder - Configured Mule using "org.mule.config.spring.SpringXmlConfigurationBuilder" with configuration resource(s): "[ConfigResource{resourceName='/home/dev/mule/workspace/.mule/apps/apdev-american/apdev-american.xml'}]"
2016-07-18 16:45:03,035 [Mule.app.deployer.monitor.1.thread.1] INFO  org.mule.config.builders.AutoConfigurationBuilder - Configured Mule using "org.mule.config.builders.AutoConfigurationBuilder" with configuration resource(s): "[ConfigResource{resourceName='/home/dev/mule/workspace/.mule/apps/apdev-american/apdev-american.xml'}]"
2016-07-18 16:45:06,043 [Mule.app.deployer.monitor.1.thread.1] INFO  org.mule.module.launcher.application.DefaultMuleApplication - 
++++++++++++++++++++++++++++++++++++++++++++++++++++++++++++
+ Starting app 'apdev-american'                            +
++++++++++++++++++++++++++++++++++++++++++++++++++++++++++++
2016-07-18 16:45:06,046 [Mule.app.deployer.monitor.1.thread.1] INFO  org.mule.util.queue.QueueXaResourceManager - Starting ResourceManager
2016-07-18 16:45:06,046 [Mule.app.deployer.monitor.1.thread.1] INFO  org.mule.util.queue.QueueXaResourceManager - Started ResourceManager
2016-07-18 16:45:06,059 [Mule.app.deployer.monitor.1.thread.1] INFO  org.mule.module.http.internal.listener.DefaultHttpListenerConfig - Listening for requests on http://0.0.0.0:8081
2016-07-18 16:45:06,063 [Mule.app.deployer.monitor.1.thread.1] INFO  org.mule.modules.oauth2.provider.agents.DefaultSplashScreenAgent - 
++++++++++++++++++++++++++++++++++++++++++++++++++++++++++++++++++++++++++++++++
+ DevKit Extensions (0) used in this application 
                             +
++++++++++++++++++++++++++++++++++++++++++++++++++++++++++++++++++++++++++++++++
2016-07-18 16:45:06,065 [Mule.app.deployer.monitor.1.thread.1] INFO  org.mule.lifecycle.AbstractLifecycleManager - Starting model: _muleSystemModel
2016-07-18 16:45:06,066 [Mule.app.deployer.monitor.1.thread.1] INFO  org.mule.construct.FlowConstructLifecycleManager - Starting flow: apdev-americanFlow
2016-07-18 16:45:06,066 [Mule.app.deployer.monitor.1.thread.1] INFO  org.mule.processor.SedaStageLifecycleManager - Starting service: apdev-americanFlow.stage1
2016-07-18 16:45:06,080 [Mule.app.deployer.monitor.1.thread.1] INFO  org.mule.module.management.agent.WrapperManagerAgent - This JVM hasn't been launched by the wrapper, the agent will not run.
2016-07-18 16:45:06,084 [Mule.app.deployer.monitor.1.thread.1] INFO  org.mule.DefaultMuleContext - 
**********************************************************************
* Application: apdev-american                                        *
* OS encoding: /, Mule encoding: UTF-8                               *
*                                                                    *
* Agents Running:                                                    *
*   JMX Agent                                                        *
*   Batch module default engine                                      *
*   DevKit Extension Information                                     *
*   Wrapper Manager                                                  *
**********************************************************************
2016-07-18 17:02:19,214 [main] INFO  org.mule.module.launcher.application.DefaultMuleApplication - 
++++++++++++++++++++++++++++++++++++++++++++++++++++++++++++
+ Initializing app 'apdev-american'                        +
++++++++++++++++++++++++++++++++++++++++++++++++++++++++++++
2016-07-18 17:02:19,355 [main] INFO  org.mule.lifecycle.AbstractLifecycleManager - Initialising RegistryBroker
2016-07-18 17:02:19,501 [main] INFO  org.mule.module.extension.internal.manager.DefaultExtensionManager - Starting discovery of extensions
2016-07-18 17:02:19,697 [main] INFO  org.mule.module.extension.internal.manager.DefaultExtensionManager - Discovered 1 extensions
2016-07-18 17:02:19,697 [main] INFO  org.mule.module.extension.internal.manager.DefaultExtensionManager - Registering extension validation (version 3.8)
2016-07-18 17:02:19,770 [main] INFO  org.mule.config.spring.MuleArtifactContext - Refreshing org.mule.config.spring.MuleArtifactContext@7f92b990: startup date [Mon Jul 18 17:02:19 JST 2016]; root of context hierarchy
2016-07-18 17:02:22,134 [main] INFO  org.mule.config.spring.processors.NoDevkitInjectorProcessor - JSR-330 'javax.inject.Inject' annotation found and supported for autowiring
2016-07-18 17:02:22,911 [main] WARN  org.mule.expression.DefaultExpressionManager - Expression string is not an expression.  Use isExpression(String) to validate first
2016-07-18 17:02:24,064 [main] WARN  org.mule.module.ognl.expression.OgnlExpressionEvaluator - OGNL module is deprecated and will be removed in Mule 4.0. Use MEL expressions instead.
2016-07-18 17:02:24,745 [main] INFO  org.mule.lifecycle.AbstractLifecycleManager - Initialising model: _muleSystemModel
2016-07-18 17:02:24,752 [main] INFO  org.mule.construct.FlowConstructLifecycleManager - Initialising flow: apdev-americanFlow
2016-07-18 17:02:24,752 [main] INFO  org.mule.exception.DefaultMessagingExceptionStrategy - Initialising exception listener: org.mule.exception.DefaultMessagingExceptionStrategy@2712e8f4
2016-07-18 17:02:24,841 [main] INFO  org.mule.processor.SedaStageLifecycleManager - Initialising service: apdev-americanFlow.stage1
2016-07-18 17:02:24,886 [main] INFO  org.mule.util.journal.TransactionJournal - Using files for tx logs /home/dev/mule/workspace/.mule/./.mule/apdev-american/queue-tx-log/tx1.log and /home/dev/mule/workspace/.mule/./.mule/apdev-american/queue-tx-log/tx2.log
2016-07-18 17:02:24,897 [main] INFO  org.mule.util.journal.TransactionJournal - Using files for tx logs /home/dev/mule/workspace/.mule/./.mule/apdev-american/queue-xa-tx-log/tx1.log and /home/dev/mule/workspace/.mule/./.mule/apdev-american/queue-xa-tx-log/tx2.log
2016-07-18 17:02:25,487 [main] INFO  org.mule.config.spring.SpringXmlConfigurationBuilder - Configured Mule using "org.mule.config.spring.SpringXmlConfigurationBuilder" with configuration resource(s): "[ConfigResource{resourceName='/home/dev/mule/workspace/.mule/apps/apdev-american/apdev-american.xml'}]"
2016-07-18 17:02:25,487 [main] INFO  org.mule.config.builders.AutoConfigurationBuilder - Configured Mule using "org.mule.config.builders.AutoConfigurationBuilder" with configuration resource(s): "[ConfigResource{resourceName='/home/dev/mule/workspace/.mule/apps/apdev-american/apdev-american.xml'}]"
2016-07-18 17:02:28,535 [main] INFO  org.mule.module.launcher.application.DefaultMuleApplication - 
++++++++++++++++++++++++++++++++++++++++++++++++++++++++++++
+ Starting app 'apdev-american'                            +
++++++++++++++++++++++++++++++++++++++++++++++++++++++++++++
2016-07-18 17:02:28,539 [main] INFO  org.mule.util.queue.QueueXaResourceManager - Starting ResourceManager
2016-07-18 17:02:28,540 [main] INFO  org.mule.util.queue.QueueXaResourceManager - Started ResourceManager
2016-07-18 17:02:28,619 [main] INFO  org.mule.module.http.internal.listener.DefaultHttpListenerConfig - Listening for requests on http://0.0.0.0:8081
2016-07-18 17:02:28,624 [main] INFO  org.mule.modules.oauth2.provider.agents.DefaultSplashScreenAgent - 
++++++++++++++++++++++++++++++++++++++++++++++++++++++++++++++++++++++++++++++++
+ DevKit Extensions (0) used in this application 
                             +
++++++++++++++++++++++++++++++++++++++++++++++++++++++++++++++++++++++++++++++++
2016-07-18 17:02:28,625 [main] INFO  org.mule.lifecycle.AbstractLifecycleManager - Starting model: _muleSystemModel
2016-07-18 17:02:28,627 [main] INFO  org.mule.construct.FlowConstructLifecycleManager - Starting flow: apdev-americanFlow
2016-07-18 17:02:28,628 [main] INFO  org.mule.processor.SedaStageLifecycleManager - Starting service: apdev-americanFlow.stage1
2016-07-18 17:02:28,693 [main] INFO  org.mule.module.management.agent.WrapperManagerAgent - This JVM hasn't been launched by the wrapper, the agent will not run.
2016-07-18 17:02:28,717 [main] INFO  org.mule.DefaultMuleContext - 
**********************************************************************
* Application: apdev-american                                        *
* OS encoding: /, Mule encoding: UTF-8                               *
*                                                                    *
* Agents Running:                                                    *
*   JMX Agent                                                        *
*   Batch module default engine                                      *
*   DevKit Extension Information                                     *
*   Wrapper Manager                                                  *
**********************************************************************
2016-07-18 17:02:30,991 [[apdev-american].HTTP_Listener_Configuration.worker.01] INFO  com.mulesoft.weave.mule.utils.MuleWeaveFactory$ - MimeType was not resolved '*/*' delegating to Java.
2016-07-18 17:03:44,922 [[apdev-american].HTTP_Listener_Configuration.worker.01] INFO  org.mule.module.http.internal.listener.HttpListenerRegistry - No listener found for request: (GET)/flights/3
2016-07-18 17:03:44,922 [[apdev-american].HTTP_Listener_Configuration.worker.01] INFO  org.mule.module.http.internal.listener.HttpListenerRegistry - Available listeners are: [([get])/flights/]
2016-07-18 17:20:47,835 [main] INFO  org.mule.module.launcher.application.DefaultMuleApplication - 
++++++++++++++++++++++++++++++++++++++++++++++++++++++++++++
+ Initializing app 'apdev-american'                        +
++++++++++++++++++++++++++++++++++++++++++++++++++++++++++++
2016-07-18 17:20:47,945 [main] INFO  org.mule.lifecycle.AbstractLifecycleManager - Initialising RegistryBroker
2016-07-18 17:20:48,063 [main] INFO  org.mule.module.extension.internal.manager.DefaultExtensionManager - Starting discovery of extensions
2016-07-18 17:20:48,190 [main] INFO  org.mule.module.extension.internal.manager.DefaultExtensionManager - Discovered 1 extensions
2016-07-18 17:20:48,190 [main] INFO  org.mule.module.extension.internal.manager.DefaultExtensionManager - Registering extension validation (version 3.8)
2016-07-18 17:20:48,304 [main] INFO  org.mule.config.spring.MuleArtifactContext - Refreshing org.mule.config.spring.MuleArtifactContext@743cb8e0: startup date [Mon Jul 18 17:20:48 JST 2016]; root of context hierarchy
2016-07-18 17:20:50,245 [main] INFO  org.mule.config.spring.processors.NoDevkitInjectorProcessor - JSR-330 'javax.inject.Inject' annotation found and supported for autowiring
2016-07-18 17:20:50,814 [main] WARN  org.mule.expression.DefaultExpressionManager - Expression string is not an expression.  Use isExpression(String) to validate first
2016-07-18 17:20:51,664 [main] WARN  org.mule.module.ognl.expression.OgnlExpressionEvaluator - OGNL module is deprecated and will be removed in Mule 4.0. Use MEL expressions instead.
2016-07-18 17:20:52,110 [main] INFO  org.mule.lifecycle.AbstractLifecycleManager - Initialising model: _muleSystemModel
2016-07-18 17:20:52,116 [main] INFO  org.mule.construct.FlowConstructLifecycleManager - Initialising flow: getFlights
2016-07-18 17:20:52,116 [main] INFO  org.mule.exception.DefaultMessagingExceptionStrategy - Initialising exception listener: org.mule.exception.DefaultMessagingExceptionStrategy@f9cab00
2016-07-18 17:20:52,158 [main] INFO  org.mule.processor.SedaStageLifecycleManager - Initialising service: getFlights.stage1
2016-07-18 17:20:52,170 [main] INFO  org.mule.construct.FlowConstructLifecycleManager - Initialising flow: getFlightsByID
2016-07-18 17:20:52,171 [main] INFO  org.mule.exception.DefaultMessagingExceptionStrategy - Initialising exception listener: org.mule.exception.DefaultMessagingExceptionStrategy@4d157493
2016-07-18 17:20:52,176 [main] INFO  org.mule.processor.SedaStageLifecycleManager - Initialising service: getFlightsByID.stage1
2016-07-18 17:20:52,177 [main] INFO  org.mule.construct.FlowConstructLifecycleManager - Initialising flow: postFlights
2016-07-18 17:20:52,177 [main] INFO  org.mule.exception.DefaultMessagingExceptionStrategy - Initialising exception listener: org.mule.exception.DefaultMessagingExceptionStrategy@5ba03c82
2016-07-18 17:20:52,183 [main] INFO  org.mule.processor.SedaStageLifecycleManager - Initialising service: postFlights.stage1
2016-07-18 17:20:52,204 [main] INFO  org.mule.util.journal.TransactionJournal - Using files for tx logs /home/dev/mule/workspace/.mule/./.mule/apdev-american/queue-tx-log/tx1.log and /home/dev/mule/workspace/.mule/./.mule/apdev-american/queue-tx-log/tx2.log
2016-07-18 17:20:52,215 [main] INFO  org.mule.util.journal.TransactionJournal - Using files for tx logs /home/dev/mule/workspace/.mule/./.mule/apdev-american/queue-xa-tx-log/tx1.log and /home/dev/mule/workspace/.mule/./.mule/apdev-american/queue-xa-tx-log/tx2.log
2016-07-18 17:20:52,536 [main] INFO  org.mule.config.spring.SpringXmlConfigurationBuilder - Configured Mule using "org.mule.config.spring.SpringXmlConfigurationBuilder" with configuration resource(s): "[ConfigResource{resourceName='/home/dev/mule/workspace/.mule/apps/apdev-american/apdev-american.xml'}]"
2016-07-18 17:20:52,536 [main] INFO  org.mule.config.builders.AutoConfigurationBuilder - Configured Mule using "org.mule.config.builders.AutoConfigurationBuilder" with configuration resource(s): "[ConfigResource{resourceName='/home/dev/mule/workspace/.mule/apps/apdev-american/apdev-american.xml'}]"
2016-07-18 17:20:55,571 [main] WARN  org.mule.config.spring.SpringRegistry - Spring registry already contains an object named 'gateway-message-source:http://0.0.0.0:8081/flights'. The previous object will be overwritten.
2016-07-18 17:20:55,573 [main] INFO  org.mule.module.launcher.application.DefaultMuleApplication - 
++++++++++++++++++++++++++++++++++++++++++++++++++++++++++++
+ Starting app 'apdev-american'                            +
++++++++++++++++++++++++++++++++++++++++++++++++++++++++++++
2016-07-18 17:20:55,577 [main] INFO  org.mule.util.queue.QueueXaResourceManager - Starting ResourceManager
2016-07-18 17:20:55,577 [main] INFO  org.mule.util.queue.QueueXaResourceManager - Started ResourceManager
2016-07-18 17:20:55,840 [main] INFO  org.mule.module.http.internal.listener.DefaultHttpListenerConfig - Listening for requests on http://0.0.0.0:8081
2016-07-18 17:20:55,849 [main] INFO  org.mule.modules.oauth2.provider.agents.DefaultSplashScreenAgent - 
++++++++++++++++++++++++++++++++++++++++++++++++++++++++++++++++++++++++++++++++
+ DevKit Extensions (0) used in this application 
                             +
++++++++++++++++++++++++++++++++++++++++++++++++++++++++++++++++++++++++++++++++
2016-07-18 17:20:55,851 [main] INFO  org.mule.lifecycle.AbstractLifecycleManager - Starting model: _muleSystemModel
2016-07-18 17:20:55,853 [main] INFO  org.mule.construct.FlowConstructLifecycleManager - Starting flow: getFlights
2016-07-18 17:20:55,854 [main] INFO  org.mule.processor.SedaStageLifecycleManager - Starting service: getFlights.stage1
2016-07-18 17:20:55,858 [main] INFO  org.mule.construct.FlowConstructLifecycleManager - Starting flow: getFlightsByID
2016-07-18 17:20:55,858 [main] INFO  org.mule.processor.SedaStageLifecycleManager - Starting service: getFlightsByID.stage1
2016-07-18 17:20:55,861 [main] INFO  org.mule.construct.FlowConstructLifecycleManager - Starting flow: postFlights
2016-07-18 17:20:55,861 [main] INFO  org.mule.processor.SedaStageLifecycleManager - Starting service: postFlights.stage1
2016-07-18 17:20:55,903 [main] INFO  org.mule.module.management.agent.WrapperManagerAgent - This JVM hasn't been launched by the wrapper, the agent will not run.
2016-07-18 17:20:55,919 [main] INFO  org.mule.DefaultMuleContext - 
**********************************************************************
* Application: apdev-american                                        *
* OS encoding: /, Mule encoding: UTF-8                               *
*                                                                    *
* Agents Running:                                                    *
*   JMX Agent                                                        *
*   Batch module default engine                                      *
*   DevKit Extension Information                                     *
*   Wrapper Manager                                                  *
**********************************************************************
2016-07-18 17:21:02,087 [[apdev-american].HTTP_Listener_Configuration.worker.01] INFO  com.mulesoft.weave.mule.utils.MuleWeaveFactory$ - MimeType was not resolved '*/*' delegating to Java.
2016-07-18 17:21:08,219 [[apdev-american].HTTP_Listener_Configuration.worker.01] INFO  com.mulesoft.weave.mule.utils.MuleWeaveFactory$ - MimeType was not resolved '*/*' delegating to Java.
2016-07-18 17:21:13,377 [[apdev-american].HTTP_Listener_Configuration.worker.01] INFO  com.mulesoft.weave.mule.utils.MuleWeaveFactory$ - MimeType was not resolved '*/*' delegating to Java.
2016-07-19 20:13:05,180 [main] INFO  org.mule.module.launcher.application.DefaultMuleApplication - 
++++++++++++++++++++++++++++++++++++++++++++++++++++++++++++
+ Initializing app 'apdev-american'                        +
++++++++++++++++++++++++++++++++++++++++++++++++++++++++++++
2016-07-19 20:13:05,292 [main] INFO  org.mule.lifecycle.AbstractLifecycleManager - Initialising RegistryBroker
2016-07-19 20:13:05,453 [main] INFO  org.mule.module.extension.internal.manager.DefaultExtensionManager - Starting discovery of extensions
2016-07-19 20:13:05,579 [main] INFO  org.mule.module.extension.internal.manager.DefaultExtensionManager - Discovered 1 extensions
2016-07-19 20:13:05,579 [main] INFO  org.mule.module.extension.internal.manager.DefaultExtensionManager - Registering extension validation (version 3.8)
2016-07-19 20:13:05,641 [main] INFO  org.mule.config.spring.MuleArtifactContext - Refreshing org.mule.config.spring.MuleArtifactContext@649725e3: startup date [Tue Jul 19 20:13:05 JST 2016]; root of context hierarchy
2016-07-19 20:13:07,393 [main] INFO  org.mule.config.spring.processors.NoDevkitInjectorProcessor - JSR-330 'javax.inject.Inject' annotation found and supported for autowiring
2016-07-19 20:13:07,991 [main] WARN  org.mule.expression.DefaultExpressionManager - Expression string is not an expression.  Use isExpression(String) to validate first
2016-07-19 20:13:08,026 [main] WARN  org.mule.expression.DefaultExpressionManager - Expression string is not an expression.  Use isExpression(String) to validate first
2016-07-19 20:13:08,026 [main] WARN  org.mule.expression.DefaultExpressionManager - Expression string is not an expression.  Use isExpression(String) to validate first
2016-07-19 20:13:08,026 [main] WARN  org.mule.expression.DefaultExpressionManager - Expression string is not an expression.  Use isExpression(String) to validate first
2016-07-19 20:13:08,026 [main] WARN  org.mule.expression.DefaultExpressionManager - Expression string is not an expression.  Use isExpression(String) to validate first
2016-07-19 20:13:08,894 [main] WARN  org.mule.module.ognl.expression.OgnlExpressionEvaluator - OGNL module is deprecated and will be removed in Mule 4.0. Use MEL expressions instead.
2016-07-19 20:13:09,365 [main] INFO  org.mule.lifecycle.AbstractLifecycleManager - Initialising model: _muleSystemModel
2016-07-19 20:13:09,371 [main] INFO  org.mule.construct.FlowConstructLifecycleManager - Initialising flow: getFlights
2016-07-19 20:13:09,371 [main] INFO  org.mule.exception.DefaultMessagingExceptionStrategy - Initialising exception listener: org.mule.exception.DefaultMessagingExceptionStrategy@36d33f4
2016-07-19 20:13:09,408 [main] INFO  org.mule.processor.SedaStageLifecycleManager - Initialising service: getFlights.stage1
2016-07-19 20:13:09,419 [main] INFO  org.mule.construct.FlowConstructLifecycleManager - Initialising flow: getFlightsByID
2016-07-19 20:13:09,419 [main] INFO  org.mule.exception.DefaultMessagingExceptionStrategy - Initialising exception listener: org.mule.exception.DefaultMessagingExceptionStrategy@54c622a7
2016-07-19 20:13:09,426 [main] INFO  org.mule.processor.SedaStageLifecycleManager - Initialising service: getFlightsByID.stage1
2016-07-19 20:13:09,427 [main] INFO  org.mule.construct.FlowConstructLifecycleManager - Initialising flow: postFlights
2016-07-19 20:13:09,427 [main] INFO  org.mule.exception.DefaultMessagingExceptionStrategy - Initialising exception listener: org.mule.exception.DefaultMessagingExceptionStrategy@60df7989
2016-07-19 20:13:09,435 [main] INFO  org.mule.processor.SedaStageLifecycleManager - Initialising service: postFlights.stage1
2016-07-19 20:13:09,456 [main] INFO  org.mule.util.journal.TransactionJournal - Using files for tx logs /home/dev/mule/workspace/.mule/./.mule/apdev-american/queue-tx-log/tx1.log and /home/dev/mule/workspace/.mule/./.mule/apdev-american/queue-tx-log/tx2.log
2016-07-19 20:13:09,466 [main] INFO  org.mule.util.journal.TransactionJournal - Using files for tx logs /home/dev/mule/workspace/.mule/./.mule/apdev-american/queue-xa-tx-log/tx1.log and /home/dev/mule/workspace/.mule/./.mule/apdev-american/queue-xa-tx-log/tx2.log
2016-07-19 20:13:09,771 [main] INFO  org.mule.config.spring.SpringXmlConfigurationBuilder - Configured Mule using "org.mule.config.spring.SpringXmlConfigurationBuilder" with configuration resource(s): "[ConfigResource{resourceName='/home/dev/mule/workspace/.mule/apps/apdev-american/apdev-american.xml'}]"
2016-07-19 20:13:09,771 [main] INFO  org.mule.config.builders.AutoConfigurationBuilder - Configured Mule using "org.mule.config.builders.AutoConfigurationBuilder" with configuration resource(s): "[ConfigResource{resourceName='/home/dev/mule/workspace/.mule/apps/apdev-american/apdev-american.xml'}]"
2016-07-19 20:13:12,801 [main] WARN  org.mule.config.spring.SpringRegistry - Spring registry already contains an object named 'gateway-message-source:http://0.0.0.0:8081/flights'. The previous object will be overwritten.
2016-07-19 20:13:12,803 [main] INFO  org.mule.module.launcher.application.DefaultMuleApplication - 
++++++++++++++++++++++++++++++++++++++++++++++++++++++++++++
+ Starting app 'apdev-american'                            +
++++++++++++++++++++++++++++++++++++++++++++++++++++++++++++
2016-07-19 20:13:12,805 [main] INFO  org.mule.util.queue.QueueXaResourceManager - Starting ResourceManager
2016-07-19 20:13:12,805 [main] INFO  org.mule.util.queue.QueueXaResourceManager - Started ResourceManager
2016-07-19 20:13:12,855 [main] INFO  org.mule.module.http.internal.listener.DefaultHttpListenerConfig - Listening for requests on http://0.0.0.0:8081
2016-07-19 20:13:12,861 [main] INFO  org.mule.modules.oauth2.provider.agents.DefaultSplashScreenAgent - 
++++++++++++++++++++++++++++++++++++++++++++++++++++++++++++++++++++++++++++++++
+ DevKit Extensions (0) used in this application 
                             +
++++++++++++++++++++++++++++++++++++++++++++++++++++++++++++++++++++++++++++++++
2016-07-19 20:13:12,862 [main] INFO  org.mule.lifecycle.AbstractLifecycleManager - Starting model: _muleSystemModel
2016-07-19 20:13:12,864 [main] INFO  org.mule.construct.FlowConstructLifecycleManager - Starting flow: getFlights
2016-07-19 20:13:13,013 [main] INFO  org.mule.processor.SedaStageLifecycleManager - Starting service: getFlights.stage1
2016-07-19 20:13:13,020 [main] INFO  org.mule.construct.FlowConstructLifecycleManager - Starting flow: getFlightsByID
2016-07-19 20:13:13,021 [main] INFO  org.mule.processor.SedaStageLifecycleManager - Starting service: getFlightsByID.stage1
2016-07-19 20:13:13,024 [main] INFO  org.mule.construct.FlowConstructLifecycleManager - Starting flow: postFlights
2016-07-19 20:13:13,024 [main] INFO  org.mule.processor.SedaStageLifecycleManager - Starting service: postFlights.stage1
2016-07-19 20:13:13,066 [main] INFO  org.mule.module.management.agent.WrapperManagerAgent - This JVM hasn't been launched by the wrapper, the agent will not run.
2016-07-19 20:13:13,090 [main] INFO  org.mule.DefaultMuleContext - 
**********************************************************************
* Application: apdev-american                                        *
* OS encoding: /, Mule encoding: UTF-8                               *
*                                                                    *
* Agents Running:                                                    *
*   JMX Agent                                                        *
*   Batch module default engine                                      *
*   DevKit Extension Information                                     *
*   Wrapper Manager                                                  *
**********************************************************************
2016-07-19 20:14:28,190 [Mule.app.deployer.monitor.1.thread.1] INFO  org.mule.module.launcher.application.DefaultMuleApplication - 
++++++++++++++++++++++++++++++++++++++++++++++++++++++++++++
+ Stopping app 'apdev-american'                            +
++++++++++++++++++++++++++++++++++++++++++++++++++++++++++++
2016-07-19 20:14:28,192 [Mule.app.deployer.monitor.1.thread.1] INFO  org.mule.construct.FlowConstructLifecycleManager - Stopping flow: getFlights
2016-07-19 20:14:28,195 [Mule.app.deployer.monitor.1.thread.1] INFO  org.mule.processor.SedaStageLifecycleManager - Stopping service: getFlights.stage1
2016-07-19 20:14:28,290 [Mule.app.deployer.monitor.1.thread.1] INFO  org.mule.construct.FlowConstructLifecycleManager - Stopping flow: getFlightsByID
2016-07-19 20:14:28,290 [Mule.app.deployer.monitor.1.thread.1] INFO  org.mule.processor.SedaStageLifecycleManager - Stopping service: getFlightsByID.stage1
2016-07-19 20:14:28,312 [Mule.app.deployer.monitor.1.thread.1] INFO  org.mule.construct.FlowConstructLifecycleManager - Stopping flow: postFlights
2016-07-19 20:14:28,312 [Mule.app.deployer.monitor.1.thread.1] INFO  org.mule.processor.SedaStageLifecycleManager - Stopping service: postFlights.stage1
2016-07-19 20:14:28,514 [Mule.app.deployer.monitor.1.thread.1] INFO  org.mule.lifecycle.AbstractLifecycleManager - Stopping model: _muleSystemModel
2016-07-19 20:14:28,529 [Mule.app.deployer.monitor.1.thread.1] INFO  org.mule.module.http.internal.listener.DefaultHttpListenerConfig - Stopped listener on http://0.0.0.0:8081
2016-07-19 20:14:28,531 [Mule.app.deployer.monitor.1.thread.1] INFO  org.mule.util.queue.QueueXaResourceManager - Stopping ResourceManager
2016-07-19 20:14:28,532 [Mule.app.deployer.monitor.1.thread.1] INFO  org.mule.util.queue.QueueXaResourceManager - Stopped ResourceManager
2016-07-19 20:14:28,538 [Mule.app.deployer.monitor.1.thread.1] INFO  org.mule.module.launcher.application.DefaultMuleApplication - 
++++++++++++++++++++++++++++++++++++++++++++++++++++++++++++
+ Disposing app 'apdev-american'                           +
++++++++++++++++++++++++++++++++++++++++++++++++++++++++++++
2016-07-19 20:14:28,540 [Mule.app.deployer.monitor.1.thread.1] INFO  org.mule.lifecycle.AbstractLifecycleManager - Disposing RegistryBroker
2016-07-19 20:14:28,542 [Mule.app.deployer.monitor.1.thread.1] INFO  org.mule.construct.FlowConstructLifecycleManager - Disposing flow: getFlights
2016-07-19 20:14:28,542 [Mule.app.deployer.monitor.1.thread.1] INFO  org.mule.processor.SedaStageLifecycleManager - Disposing service: getFlights.stage1
2016-07-19 20:14:28,543 [Mule.app.deployer.monitor.1.thread.1] INFO  org.mule.construct.FlowConstructLifecycleManager - Disposing flow: getFlightsByID
2016-07-19 20:14:28,543 [Mule.app.deployer.monitor.1.thread.1] INFO  org.mule.processor.SedaStageLifecycleManager - Disposing service: getFlightsByID.stage1
2016-07-19 20:14:28,544 [Mule.app.deployer.monitor.1.thread.1] INFO  org.mule.construct.FlowConstructLifecycleManager - Disposing flow: postFlights
2016-07-19 20:14:28,544 [Mule.app.deployer.monitor.1.thread.1] INFO  org.mule.processor.SedaStageLifecycleManager - Disposing service: postFlights.stage1
2016-07-19 20:14:28,547 [Mule.app.deployer.monitor.1.thread.1] INFO  org.mule.lifecycle.AbstractLifecycleManager - Disposing model: _muleSystemModel
2016-07-19 20:14:28,689 [Mule.app.deployer.monitor.1.thread.1] INFO  org.mule.config.spring.MuleArtifactContext - Closing org.mule.config.spring.MuleArtifactContext@649725e3: startup date [Tue Jul 19 20:13:05 JST 2016]; root of context hierarchy
2016-07-19 20:14:28,895 [Mule.app.deployer.monitor.1.thread.1] INFO  org.mule.DefaultMuleContext - 
**********************************************************************
* Application "apdev-american" shut down normally on: 7/19/16 8:14   *
* PM                                                                 *
* Up for: 0 days, 0 hours, 1 mins, 16.88 sec                         *
**********************************************************************
2016-07-19 20:14:28,998 [Mule.app.deployer.monitor.1.thread.1] INFO  org.mule.module.launcher.application.DefaultMuleApplication - 
++++++++++++++++++++++++++++++++++++++++++++++++++++++++++++
+ Initializing app 'apdev-american'                        +
++++++++++++++++++++++++++++++++++++++++++++++++++++++++++++
2016-07-19 20:14:29,001 [Mule.app.deployer.monitor.1.thread.1] WARN  com.mulesoft.module.client.APIPlatformClientCoreExtension - Client ID or Client Secret were not provided. API Manager client is DISABLED for app apdev-american
2016-07-19 20:14:29,004 [Mule.app.deployer.monitor.1.thread.1] INFO  org.mule.lifecycle.AbstractLifecycleManager - Initialising RegistryBroker
2016-07-19 20:14:29,009 [Mule.app.deployer.monitor.1.thread.1] INFO  org.mule.module.extension.internal.manager.DefaultExtensionManager - Starting discovery of extensions
2016-07-19 20:14:29,032 [Mule.app.deployer.monitor.1.thread.1] INFO  org.mule.module.extension.internal.manager.DefaultExtensionManager - Discovered 1 extensions
2016-07-19 20:14:29,032 [Mule.app.deployer.monitor.1.thread.1] INFO  org.mule.module.extension.internal.manager.DefaultExtensionManager - Registering extension validation (version 3.8)
2016-07-19 20:14:29,035 [Mule.app.deployer.monitor.1.thread.1] INFO  org.mule.config.spring.MuleArtifactContext - Refreshing org.mule.config.spring.MuleArtifactContext@6bbd8f24: startup date [Tue Jul 19 20:14:29 JST 2016]; root of context hierarchy
2016-07-19 20:14:29,508 [Mule.app.deployer.monitor.1.thread.1] INFO  org.mule.config.spring.processors.NoDevkitInjectorProcessor - JSR-330 'javax.inject.Inject' annotation found and supported for autowiring
2016-07-19 20:14:29,570 [Mule.app.deployer.monitor.1.thread.1] WARN  org.mule.expression.DefaultExpressionManager - Expression string is not an expression.  Use isExpression(String) to validate first
2016-07-19 20:14:29,577 [Mule.app.deployer.monitor.1.thread.1] WARN  org.mule.expression.DefaultExpressionManager - Expression string is not an expression.  Use isExpression(String) to validate first
2016-07-19 20:14:29,577 [Mule.app.deployer.monitor.1.thread.1] WARN  org.mule.expression.DefaultExpressionManager - Expression string is not an expression.  Use isExpression(String) to validate first
2016-07-19 20:14:29,577 [Mule.app.deployer.monitor.1.thread.1] WARN  org.mule.expression.DefaultExpressionManager - Expression string is not an expression.  Use isExpression(String) to validate first
2016-07-19 20:14:29,577 [Mule.app.deployer.monitor.1.thread.1] WARN  org.mule.expression.DefaultExpressionManager - Expression string is not an expression.  Use isExpression(String) to validate first
2016-07-19 20:14:29,730 [Mule.app.deployer.monitor.1.thread.1] INFO  org.mule.lifecycle.AbstractLifecycleManager - Initialising model: _muleSystemModel
2016-07-19 20:14:29,733 [Mule.app.deployer.monitor.1.thread.1] INFO  org.mule.construct.FlowConstructLifecycleManager - Initialising flow: getFlights
2016-07-19 20:14:29,733 [Mule.app.deployer.monitor.1.thread.1] INFO  org.mule.exception.DefaultMessagingExceptionStrategy - Initialising exception listener: org.mule.exception.DefaultMessagingExceptionStrategy@79566c8d
2016-07-19 20:14:29,739 [Mule.app.deployer.monitor.1.thread.1] INFO  org.mule.processor.SedaStageLifecycleManager - Initialising service: getFlights.stage1
2016-07-19 20:14:29,740 [Mule.app.deployer.monitor.1.thread.1] INFO  org.mule.construct.FlowConstructLifecycleManager - Initialising flow: getFlightsByID
2016-07-19 20:14:29,740 [Mule.app.deployer.monitor.1.thread.1] INFO  org.mule.exception.DefaultMessagingExceptionStrategy - Initialising exception listener: org.mule.exception.DefaultMessagingExceptionStrategy@1fde6da4
2016-07-19 20:14:29,744 [Mule.app.deployer.monitor.1.thread.1] INFO  org.mule.processor.SedaStageLifecycleManager - Initialising service: getFlightsByID.stage1
2016-07-19 20:14:29,745 [Mule.app.deployer.monitor.1.thread.1] INFO  org.mule.construct.FlowConstructLifecycleManager - Initialising flow: postFlights
2016-07-19 20:14:29,745 [Mule.app.deployer.monitor.1.thread.1] INFO  org.mule.exception.DefaultMessagingExceptionStrategy - Initialising exception listener: org.mule.exception.DefaultMessagingExceptionStrategy@3d375a10
2016-07-19 20:14:29,749 [Mule.app.deployer.monitor.1.thread.1] INFO  org.mule.processor.SedaStageLifecycleManager - Initialising service: postFlights.stage1
2016-07-19 20:14:29,753 [Mule.app.deployer.monitor.1.thread.1] INFO  org.mule.util.journal.TransactionJournal - Using files for tx logs /home/dev/mule/workspace/.mule/./.mule/apdev-american/queue-tx-log/tx1.log and /home/dev/mule/workspace/.mule/./.mule/apdev-american/queue-tx-log/tx2.log
2016-07-19 20:14:29,753 [Mule.app.deployer.monitor.1.thread.1] INFO  org.mule.util.journal.TransactionJournal - Using files for tx logs /home/dev/mule/workspace/.mule/./.mule/apdev-american/queue-xa-tx-log/tx1.log and /home/dev/mule/workspace/.mule/./.mule/apdev-american/queue-xa-tx-log/tx2.log
2016-07-19 20:14:29,789 [Mule.app.deployer.monitor.1.thread.1] INFO  org.mule.config.spring.SpringXmlConfigurationBuilder - Configured Mule using "org.mule.config.spring.SpringXmlConfigurationBuilder" with configuration resource(s): "[ConfigResource{resourceName='/home/dev/mule/workspace/.mule/apps/apdev-american/apdev-american.xml'}]"
2016-07-19 20:14:29,789 [Mule.app.deployer.monitor.1.thread.1] INFO  org.mule.config.builders.AutoConfigurationBuilder - Configured Mule using "org.mule.config.builders.AutoConfigurationBuilder" with configuration resource(s): "[ConfigResource{resourceName='/home/dev/mule/workspace/.mule/apps/apdev-american/apdev-american.xml'}]"
2016-07-19 20:14:32,796 [Mule.app.deployer.monitor.1.thread.1] WARN  org.mule.config.spring.SpringRegistry - Spring registry already contains an object named 'gateway-message-source:http://0.0.0.0:8081/flights'. The previous object will be overwritten.
2016-07-19 20:14:32,796 [Mule.app.deployer.monitor.1.thread.1] INFO  org.mule.module.launcher.application.DefaultMuleApplication - 
++++++++++++++++++++++++++++++++++++++++++++++++++++++++++++
+ Starting app 'apdev-american'                            +
++++++++++++++++++++++++++++++++++++++++++++++++++++++++++++
2016-07-19 20:14:32,799 [Mule.app.deployer.monitor.1.thread.1] INFO  org.mule.util.queue.QueueXaResourceManager - Starting ResourceManager
2016-07-19 20:14:32,799 [Mule.app.deployer.monitor.1.thread.1] INFO  org.mule.util.queue.QueueXaResourceManager - Started ResourceManager
2016-07-19 20:14:32,808 [Mule.app.deployer.monitor.1.thread.1] INFO  org.mule.module.http.internal.listener.DefaultHttpListenerConfig - Listening for requests on http://0.0.0.0:8081
2016-07-19 20:14:32,813 [Mule.app.deployer.monitor.1.thread.1] INFO  org.mule.modules.oauth2.provider.agents.DefaultSplashScreenAgent - 
++++++++++++++++++++++++++++++++++++++++++++++++++++++++++++++++++++++++++++++++
+ DevKit Extensions (0) used in this application 
                             +
++++++++++++++++++++++++++++++++++++++++++++++++++++++++++++++++++++++++++++++++
2016-07-19 20:14:32,814 [Mule.app.deployer.monitor.1.thread.1] INFO  org.mule.lifecycle.AbstractLifecycleManager - Starting model: _muleSystemModel
2016-07-19 20:14:32,815 [Mule.app.deployer.monitor.1.thread.1] INFO  org.mule.construct.FlowConstructLifecycleManager - Starting flow: getFlights
2016-07-19 20:14:32,816 [Mule.app.deployer.monitor.1.thread.1] INFO  org.mule.processor.SedaStageLifecycleManager - Starting service: getFlights.stage1
2016-07-19 20:14:32,819 [Mule.app.deployer.monitor.1.thread.1] INFO  org.mule.construct.FlowConstructLifecycleManager - Starting flow: getFlightsByID
2016-07-19 20:14:32,819 [Mule.app.deployer.monitor.1.thread.1] INFO  org.mule.processor.SedaStageLifecycleManager - Starting service: getFlightsByID.stage1
2016-07-19 20:14:32,822 [Mule.app.deployer.monitor.1.thread.1] INFO  org.mule.construct.FlowConstructLifecycleManager - Starting flow: postFlights
2016-07-19 20:14:32,822 [Mule.app.deployer.monitor.1.thread.1] INFO  org.mule.processor.SedaStageLifecycleManager - Starting service: postFlights.stage1
2016-07-19 20:14:32,840 [Mule.app.deployer.monitor.1.thread.1] INFO  org.mule.module.management.agent.WrapperManagerAgent - This JVM hasn't been launched by the wrapper, the agent will not run.
2016-07-19 20:14:32,847 [Mule.app.deployer.monitor.1.thread.1] INFO  org.mule.DefaultMuleContext - 
**********************************************************************
* Application: apdev-american                                        *
* OS encoding: /, Mule encoding: UTF-8                               *
*                                                                    *
* Agents Running:                                                    *
*   JMX Agent                                                        *
*   Batch module default engine                                      *
*   DevKit Extension Information                                     *
*   Wrapper Manager                                                  *
**********************************************************************
2016-07-19 20:17:07,453 [main] INFO  org.mule.module.launcher.application.DefaultMuleApplication - 
++++++++++++++++++++++++++++++++++++++++++++++++++++++++++++
+ Initializing app 'apdev-american'                        +
++++++++++++++++++++++++++++++++++++++++++++++++++++++++++++
2016-07-19 20:17:07,570 [main] INFO  org.mule.lifecycle.AbstractLifecycleManager - Initialising RegistryBroker
2016-07-19 20:17:07,730 [main] INFO  org.mule.module.extension.internal.manager.DefaultExtensionManager - Starting discovery of extensions
2016-07-19 20:17:07,866 [main] INFO  org.mule.module.extension.internal.manager.DefaultExtensionManager - Discovered 1 extensions
2016-07-19 20:17:07,866 [main] INFO  org.mule.module.extension.internal.manager.DefaultExtensionManager - Registering extension validation (version 3.8)
2016-07-19 20:17:07,924 [main] INFO  org.mule.config.spring.MuleArtifactContext - Refreshing org.mule.config.spring.MuleArtifactContext@649725e3: startup date [Tue Jul 19 20:17:07 JST 2016]; root of context hierarchy
2016-07-19 20:17:09,643 [main] INFO  org.mule.config.spring.processors.NoDevkitInjectorProcessor - JSR-330 'javax.inject.Inject' annotation found and supported for autowiring
2016-07-19 20:17:10,181 [main] WARN  org.mule.expression.DefaultExpressionManager - Expression string is not an expression.  Use isExpression(String) to validate first
2016-07-19 20:17:10,213 [main] WARN  org.mule.expression.DefaultExpressionManager - Expression string is not an expression.  Use isExpression(String) to validate first
2016-07-19 20:17:10,213 [main] WARN  org.mule.expression.DefaultExpressionManager - Expression string is not an expression.  Use isExpression(String) to validate first
2016-07-19 20:17:10,214 [main] WARN  org.mule.expression.DefaultExpressionManager - Expression string is not an expression.  Use isExpression(String) to validate first
2016-07-19 20:17:10,214 [main] WARN  org.mule.expression.DefaultExpressionManager - Expression string is not an expression.  Use isExpression(String) to validate first
2016-07-19 20:17:10,968 [main] WARN  org.mule.module.ognl.expression.OgnlExpressionEvaluator - OGNL module is deprecated and will be removed in Mule 4.0. Use MEL expressions instead.
2016-07-19 20:17:11,409 [main] INFO  org.mule.lifecycle.AbstractLifecycleManager - Initialising model: _muleSystemModel
2016-07-19 20:17:11,415 [main] INFO  org.mule.construct.FlowConstructLifecycleManager - Initialising flow: getFlights
2016-07-19 20:17:11,415 [main] INFO  org.mule.exception.DefaultMessagingExceptionStrategy - Initialising exception listener: org.mule.exception.DefaultMessagingExceptionStrategy@32eae6f2
2016-07-19 20:17:11,453 [main] INFO  org.mule.processor.SedaStageLifecycleManager - Initialising service: getFlights.stage1
2016-07-19 20:17:11,464 [main] INFO  org.mule.construct.FlowConstructLifecycleManager - Initialising flow: getFlightsByID
2016-07-19 20:17:11,464 [main] INFO  org.mule.exception.DefaultMessagingExceptionStrategy - Initialising exception listener: org.mule.exception.DefaultMessagingExceptionStrategy@dab1f89
2016-07-19 20:17:11,470 [main] INFO  org.mule.processor.SedaStageLifecycleManager - Initialising service: getFlightsByID.stage1
2016-07-19 20:17:11,471 [main] INFO  org.mule.construct.FlowConstructLifecycleManager - Initialising flow: postFlights
2016-07-19 20:17:11,471 [main] INFO  org.mule.exception.DefaultMessagingExceptionStrategy - Initialising exception listener: org.mule.exception.DefaultMessagingExceptionStrategy@388d14e
2016-07-19 20:17:11,478 [main] INFO  org.mule.processor.SedaStageLifecycleManager - Initialising service: postFlights.stage1
2016-07-19 20:17:11,496 [main] INFO  org.mule.util.journal.TransactionJournal - Using files for tx logs /home/dev/mule/workspace/.mule/./.mule/apdev-american/queue-tx-log/tx1.log and /home/dev/mule/workspace/.mule/./.mule/apdev-american/queue-tx-log/tx2.log
2016-07-19 20:17:11,506 [main] INFO  org.mule.util.journal.TransactionJournal - Using files for tx logs /home/dev/mule/workspace/.mule/./.mule/apdev-american/queue-xa-tx-log/tx1.log and /home/dev/mule/workspace/.mule/./.mule/apdev-american/queue-xa-tx-log/tx2.log
2016-07-19 20:17:11,825 [main] INFO  org.mule.config.spring.SpringXmlConfigurationBuilder - Configured Mule using "org.mule.config.spring.SpringXmlConfigurationBuilder" with configuration resource(s): "[ConfigResource{resourceName='/home/dev/mule/workspace/.mule/apps/apdev-american/apdev-american.xml'}]"
2016-07-19 20:17:11,825 [main] INFO  org.mule.config.builders.AutoConfigurationBuilder - Configured Mule using "org.mule.config.builders.AutoConfigurationBuilder" with configuration resource(s): "[ConfigResource{resourceName='/home/dev/mule/workspace/.mule/apps/apdev-american/apdev-american.xml'}]"
2016-07-19 20:17:14,863 [main] WARN  org.mule.config.spring.SpringRegistry - Spring registry already contains an object named 'gateway-message-source:http://0.0.0.0:8081/flights'. The previous object will be overwritten.
2016-07-19 20:17:14,865 [main] INFO  org.mule.module.launcher.application.DefaultMuleApplication - 
++++++++++++++++++++++++++++++++++++++++++++++++++++++++++++
+ Starting app 'apdev-american'                            +
++++++++++++++++++++++++++++++++++++++++++++++++++++++++++++
2016-07-19 20:17:14,867 [main] INFO  org.mule.util.queue.QueueXaResourceManager - Starting ResourceManager
2016-07-19 20:17:14,867 [main] INFO  org.mule.util.queue.QueueXaResourceManager - Started ResourceManager
2016-07-19 20:17:15,102 [main] INFO  org.mule.module.http.internal.listener.DefaultHttpListenerConfig - Listening for requests on http://0.0.0.0:8081
2016-07-19 20:17:15,108 [main] INFO  org.mule.modules.oauth2.provider.agents.DefaultSplashScreenAgent - 
++++++++++++++++++++++++++++++++++++++++++++++++++++++++++++++++++++++++++++++++
+ DevKit Extensions (0) used in this application 
                             +
++++++++++++++++++++++++++++++++++++++++++++++++++++++++++++++++++++++++++++++++
2016-07-19 20:17:15,110 [main] INFO  org.mule.lifecycle.AbstractLifecycleManager - Starting model: _muleSystemModel
2016-07-19 20:17:15,112 [main] INFO  org.mule.construct.FlowConstructLifecycleManager - Starting flow: getFlights
2016-07-19 20:17:15,112 [main] INFO  org.mule.processor.SedaStageLifecycleManager - Starting service: getFlights.stage1
2016-07-19 20:17:15,116 [main] INFO  org.mule.construct.FlowConstructLifecycleManager - Starting flow: getFlightsByID
2016-07-19 20:17:15,116 [main] INFO  org.mule.processor.SedaStageLifecycleManager - Starting service: getFlightsByID.stage1
2016-07-19 20:17:15,119 [main] INFO  org.mule.construct.FlowConstructLifecycleManager - Starting flow: postFlights
2016-07-19 20:17:15,120 [main] INFO  org.mule.processor.SedaStageLifecycleManager - Starting service: postFlights.stage1
2016-07-19 20:17:15,159 [main] INFO  org.mule.module.management.agent.WrapperManagerAgent - This JVM hasn't been launched by the wrapper, the agent will not run.
2016-07-19 20:17:15,179 [main] INFO  org.mule.DefaultMuleContext - 
**********************************************************************
* Application: apdev-american                                        *
* OS encoding: /, Mule encoding: UTF-8                               *
*                                                                    *
* Agents Running:                                                    *
*   JMX Agent                                                        *
*   Batch module default engine                                      *
*   DevKit Extension Information                                     *
*   Wrapper Manager                                                  *
**********************************************************************
2016-07-19 20:18:17,971 [[apdev-american].HTTP_Listener_Configuration.worker.01] INFO  com.mulesoft.weave.mule.utils.MuleWeaveFactory$ - MimeType was not resolved '*/*' delegating to Java.
