2016-10-08 23:22:56,016 [Worker-16] INFO  o.e.m.c.i.l.LifecycleMappingFactory - Using org.eclipse.m2e.jdt.JarLifecycleMapping lifecycle mapping for MavenProject: nit-lib:Algo:0.0.1-SNAPSHOT @ /home/dev/git/workspace/Algo/pom.xml.
2016-10-08 23:22:58,128 [Worker-16] INFO  o.e.m.c.i.embedder.EclipseLogger - Using 'UTF-8' encoding to copy filtered resources.
2016-10-08 23:22:58,137 [Worker-16] INFO  o.e.m.c.i.embedder.EclipseLogger - Copying 0 resource
2016-10-08 23:22:58,142 [Worker-16] INFO  o.e.m.c.i.embedder.EclipseLogger - Using 'UTF-8' encoding to copy filtered resources.
2016-10-08 23:22:58,143 [Worker-16] INFO  o.e.m.c.i.embedder.EclipseLogger - skip non existing resourceDirectory /home/dev/git/workspace/Algo/src/test/resources
2016-10-08 23:22:59,006 [Worker-7] INFO  o.e.m.c.i.embedder.EclipseLogger - Using 'UTF-8' encoding to copy filtered resources.
2016-10-08 23:22:59,013 [Worker-7] INFO  o.e.m.c.i.embedder.EclipseLogger - Copying 0 resource
2016-10-08 23:22:59,016 [Worker-7] INFO  o.e.m.c.i.embedder.EclipseLogger - Using 'UTF-8' encoding to copy filtered resources.
2016-10-08 23:22:59,017 [Worker-7] INFO  o.e.m.c.i.embedder.EclipseLogger - skip non existing resourceDirectory /home/dev/git/workspace/Algo/src/test/resources
2016-10-08 23:23:03,764 [Worker-15] INFO  o.e.m.c.i.l.LifecycleMappingFactory - Using org.eclipse.m2e.jdt.JarLifecycleMapping lifecycle mapping for MavenProject: nit-lib:HDB:0.0.1-SNAPSHOT @ /home/dev/git/workspace/HDB/pom.xml.
2016-10-08 23:23:04,052 [Worker-15] INFO  o.e.m.c.i.embedder.EclipseLogger - Using 'UTF-8' encoding to copy filtered resources.
2016-10-08 23:23:04,055 [Worker-15] INFO  o.e.m.c.i.embedder.EclipseLogger - Copying 10 resources
2016-10-08 23:23:04,072 [Worker-15] INFO  o.e.m.c.i.embedder.EclipseLogger - Using 'UTF-8' encoding to copy filtered resources.
2016-10-08 23:23:04,073 [Worker-15] INFO  o.e.m.c.i.embedder.EclipseLogger - Copying 3 resources
2016-10-08 23:23:04,382 [Worker-15] INFO  o.e.m.c.i.l.LifecycleMappingFactory - Using org.eclipse.m2e.jdt.JarLifecycleMapping lifecycle mapping for MavenProject: nit-lib:EjbClient:0.0.1-SNAPSHOT @ /home/dev/git/workspace/JndiClient_EJB/pom.xml.
2016-10-08 23:23:04,572 [Worker-15] INFO  o.e.m.c.i.embedder.EclipseLogger - Using 'UTF-8' encoding to copy filtered resources.
2016-10-08 23:23:04,573 [Worker-15] INFO  o.e.m.c.i.embedder.EclipseLogger - Copying 1 resource
2016-10-08 23:23:04,574 [Worker-15] INFO  o.e.m.c.i.embedder.EclipseLogger - Using 'UTF-8' encoding to copy filtered resources.
2016-10-08 23:23:04,574 [Worker-15] INFO  o.e.m.c.i.embedder.EclipseLogger - skip non existing resourceDirectory /home/dev/git/workspace/JndiClient_EJB/src/test/resources
2016-10-08 23:23:04,892 [Worker-15] INFO  o.e.m.c.i.l.LifecycleMappingFactory - Using org.eclipse.m2e.jdt.JarLifecycleMapping lifecycle mapping for MavenProject: nit-lib:POC:0.0.1-SNAPSHOT @ /home/dev/git/workspace/JndiClient_NotEJB/pom.xml.
2016-10-08 23:23:05,002 [Worker-15] INFO  o.e.m.c.i.embedder.EclipseLogger - Using 'UTF-8' encoding to copy filtered resources.
2016-10-08 23:23:05,002 [Worker-15] INFO  o.e.m.c.i.embedder.EclipseLogger - skip non existing resourceDirectory /home/dev/git/workspace/JndiClient_NotEJB/src/main/resources
2016-10-08 23:23:05,003 [Worker-15] INFO  o.e.m.c.i.embedder.EclipseLogger - Using 'UTF-8' encoding to copy filtered resources.
2016-10-08 23:23:05,003 [Worker-15] INFO  o.e.m.c.i.embedder.EclipseLogger - skip non existing resourceDirectory /home/dev/git/workspace/JndiClient_NotEJB/src/test/resources
2016-10-08 23:23:05,849 [Worker-2] INFO  o.e.m.c.i.embedder.EclipseLogger - Using 'UTF-8' encoding to copy filtered resources.
2016-10-08 23:23:05,850 [Worker-2] INFO  o.e.m.c.i.embedder.EclipseLogger - Copying 10 resources
2016-10-08 23:23:05,854 [Worker-2] INFO  o.e.m.c.i.embedder.EclipseLogger - Using 'UTF-8' encoding to copy filtered resources.
2016-10-08 23:23:05,855 [Worker-2] INFO  o.e.m.c.i.embedder.EclipseLogger - Copying 3 resources
2016-10-08 23:23:06,023 [Worker-2] INFO  o.e.m.c.i.embedder.EclipseLogger - Using 'UTF-8' encoding to copy filtered resources.
2016-10-08 23:23:06,024 [Worker-2] INFO  o.e.m.c.i.embedder.EclipseLogger - skip non existing resourceDirectory /home/dev/git/workspace/JndiClient_NotEJB/src/main/resources
2016-10-08 23:23:06,025 [Worker-2] INFO  o.e.m.c.i.embedder.EclipseLogger - Using 'UTF-8' encoding to copy filtered resources.
2016-10-08 23:23:06,026 [Worker-2] INFO  o.e.m.c.i.embedder.EclipseLogger - skip non existing resourceDirectory /home/dev/git/workspace/JndiClient_NotEJB/src/test/resources
2016-10-08 23:23:06,250 [Worker-2] INFO  o.e.m.c.i.l.LifecycleMappingFactory - Using org.eclipse.m2e.jdt.JarLifecycleMapping lifecycle mapping for MavenProject: nit-lib:POC_XA:0.0.1-SNAPSHOT @ /home/dev/git/workspace/XA_JTA_NotEJB/pom.xml.
2016-10-08 23:23:06,306 [Worker-2] INFO  o.e.m.c.i.embedder.EclipseLogger - Using 'UTF-8' encoding to copy filtered resources.
2016-10-08 23:23:06,306 [Worker-2] INFO  o.e.m.c.i.embedder.EclipseLogger - skip non existing resourceDirectory /home/dev/git/workspace/XA_JTA_NotEJB/src/main/resources
2016-10-08 23:23:06,310 [Worker-2] INFO  o.e.m.c.i.embedder.EclipseLogger - Using 'UTF-8' encoding to copy filtered resources.
2016-10-08 23:23:06,310 [Worker-2] INFO  o.e.m.c.i.embedder.EclipseLogger - skip non existing resourceDirectory /home/dev/git/workspace/XA_JTA_NotEJB/src/test/resources
2016-10-08 23:23:07,627 [Worker-19] INFO  o.e.m.c.i.embedder.EclipseLogger - Using 'UTF-8' encoding to copy filtered resources.
2016-10-08 23:23:07,627 [Worker-19] INFO  o.e.m.c.i.embedder.EclipseLogger - skip non existing resourceDirectory /home/dev/git/workspace/XA_JTA_NotEJB/src/main/resources
2016-10-08 23:23:07,629 [Worker-19] INFO  o.e.m.c.i.embedder.EclipseLogger - Using 'UTF-8' encoding to copy filtered resources.
2016-10-08 23:23:07,629 [Worker-19] INFO  o.e.m.c.i.embedder.EclipseLogger - skip non existing resourceDirectory /home/dev/git/workspace/XA_JTA_NotEJB/src/test/resources
